26-07-23 22:40:56 :: Светодар load mob скелет #100
26-07-23 22:41:03 :: Светодар load mob скелет #100
26-07-23 22:42:45 :: Светодар load mob манекен #187
26-07-23 22:44:26 :: Светодар load mob скелет #100
26-07-23 22:53:03 :: Светодар load mob манекен #187
26-07-23 22:53:27 :: Светодар load mob манекен #187
26-07-23 23:05:53 :: Светодар load mob манекен #187
26-07-23 23:26:17 :: Светодар load mob манекен #187
26-07-23 23:29:37 :: Светодар load mob манекен #187
26-07-23 23:34:57 :: Светодар load mob манекен #187
26-07-23 23:37:12 :: Светодар load mob манекен #187
27-07-23 12:35:46 :: Светодар load mob манекен #187
27-07-23 12:47:01 :: Светодар load mob манекен #187
27-07-23 16:39:49 :: Светодар load mob манекен #187
27-07-23 16:40:15 :: Светодар load obj &Yсияющий меч прозванный "Глас Божий"&n #1097
27-07-23 16:40:20 :: Светодар load mob манекен #187
27-07-23 16:41:33 :: Светодар load mob манекен #187
27-07-23 16:45:55 :: Светодар load mob манекен #187
27-07-23 16:46:03 :: Светодар command p
27-07-23 16:46:12 :: Светодар edit obj 137
27-07-23 16:46:15 :: Светодар load obj простой щит #137
27-07-23 16:46:16 :: Светодар load obj простой щит #137
27-07-23 16:46:42 :: Светодар load obj бронзовый меч #107
27-07-23 17:28:50 :: Светодар load mob манекен #187
27-07-23 17:58:26 :: Светодар load mob манекен #187
27-07-23 18:01:14 :: Светодар load mob манекен #187
27-07-23 19:15:12 :: Светодар command r
27-07-23 19:15:25 :: Светодар edit obj 137
27-07-23 19:15:37 :: Светодар command f
27-07-23 19:15:41 :: Светодар edit obj 107
27-07-23 19:24:07 :: Светодар command x
27-07-23 19:24:11 :: Светодар edit obj 137
27-07-23 19:26:40 :: Светодар command x
27-07-23 19:26:54 :: Светодар command x
27-07-23 19:27:01 :: Светодар edit obj 137
27-07-23 19:27:11 :: Светодар load mob манекен #187
27-07-23 19:27:18 :: Светодар load obj простой щит #137
27-07-23 19:33:06 :: Светодар load mob манекен #187
27-07-23 19:38:55 :: Светодар load mob манекен #187
27-07-23 19:38:58 :: Светодар load mob манекен #187
27-07-23 21:12:29 :: Светодар load mob манекен #187
27-07-23 21:12:45 :: Светодар load mob манекен #187
27-07-23 21:18:58 :: Светодар load mob манекен #187
27-07-23 21:24:00 :: Светодар load mob манекен #187
27-07-23 21:59:54 :: Светодар load mob манекен #187
27-07-23 22:06:15 :: Светодар load mob манекен #187
27-07-23 22:08:59 :: Светодар load mob манекен #187
27-07-23 22:16:00 :: Светодар load mob манекен #187
28-07-23 07:55:40 :: Светодар load mob манекен #187
28-07-23 08:01:08 :: Светодар load mob манекен #187
28-07-23 08:08:16 :: Светодар load mob манекен #187
28-07-23 08:10:35 :: Светодар load mob манекен #187
28-07-23 13:02:24 :: Светодар load mob манекен #187
28-07-23 13:03:27 :: Светодар load obj бронзовый меч #107
28-07-23 13:07:02 :: Светодар load mob манекен #187
28-07-23 13:09:39 :: Светодар load mob манекен #187
30-07-23 16:53:27 :: Светодар command l
30-07-23 16:53:36 :: Светодар load obj простой щит #137
30-07-23 16:53:36 :: Светодар load obj простой щит #137
30-07-23 16:54:06 :: Светодар load mob манекен #187
30-07-23 16:54:21 :: Светодар load obj бронзовый меч #107
30-07-23 16:58:22 :: Светодар load mob манекен #187
30-07-23 17:00:15 :: Светодар load mob манекен #187
30-07-23 17:02:30 :: Светодар load mob манекен #187
30-07-23 17:12:02 :: Светодар load mob манекен #187
30-07-23 17:15:29 :: Светодар load mob манекен #187
30-07-23 17:19:57 :: Светодар load mob манекен #187
30-07-23 17:22:09 :: Светодар load mob манекен #187
30-07-23 17:24:43 :: Светодар load mob манекен #187
30-07-23 17:36:56 :: Светодар load mob манекен #187
30-07-23 17:38:29 :: Светодар load mob манекен #187
01-08-23 14:20:43 :: Светодар load mob манекен #187
01-08-23 14:21:20 :: Светодар load mob манекен #187
01-08-23 14:23:55 :: Светодар load mob манекен #187
02-08-23 12:19:43 :: Светодар load mob манекен #187
02-08-23 12:21:26 :: Светодар load mob манекен #187
02-08-23 12:23:08 :: Светодар load mob манекен #187
02-08-23 12:24:54 :: Светодар load mob манекен #187
02-08-23 12:28:46 :: Светодар load mob манекен #187
02-08-23 12:30:44 :: Светодар load mob манекен #187
02-08-23 12:34:33 :: Светодар load mob манекен #187
02-08-23 12:34:50 :: Светодар load obj простой щит #137
02-08-23 12:34:54 :: Светодар load obj бронзовый меч #107
02-08-23 12:35:51 :: Светодар load mob манекен #187
02-08-23 12:42:38 :: Светодар load mob манекен #187
02-08-23 12:44:03 :: Светодар load mob манекен #187
02-08-23 13:00:48 :: Светодар load mob манекен #187
02-08-23 13:02:09 :: Светодар load mob манекен #187
02-08-23 17:37:11 :: Светодар load mob манекен #187
02-08-23 21:32:26 :: Светодар load mob манекен #187
02-08-23 21:34:33 :: Светодар load mob манекен #187
02-08-23 21:37:35 :: Светодар load mob манекен #187
02-08-23 21:45:54 :: Светодар load mob манекен #187
02-08-23 21:46:10 :: Светодар load mob манекен #187
02-08-23 22:08:59 :: Светодар load mob манекен #187
02-08-23 22:10:05 :: Светодар load mob манекен #187
02-08-23 23:39:48 :: Светодар load mob манекен #187
02-08-23 23:47:07 :: Светодар load mob манекен #187
02-08-23 23:52:39 :: Светодар load mob манекен #187
02-08-23 23:58:51 :: Светодар load mob манекен #187
02-08-23 23:59:27 :: Светодар load mob манекен #187
03-08-23 00:01:57 :: Светодар load mob манекен #187
03-08-23 00:05:51 :: Светодар load mob манекен #187
03-08-23 00:09:55 :: Светодар load mob манекен #187
03-08-23 00:11:38 :: Светодар load mob манекен #187
03-08-23 00:17:26 :: Светодар load mob манекен #187
03-08-23 00:20:09 :: Светодар load mob манекен #187
03-08-23 00:23:37 :: Светодар load mob манекен #187
03-08-23 00:23:51 :: Светодар load mob манекен #187
03-08-23 00:24:52 :: Светодар load mob манекен #187
03-08-23 00:33:06 :: Светодар load mob манекен #187
03-08-23 16:27:33 :: Светодар load mob манекен #187
03-08-23 16:27:43 :: Светодар load obj бронзовый меч #107
03-08-23 16:27:45 :: Светодар load obj простой щит #137
03-08-23 16:28:59 :: Светодар load mob манекен #187
04-08-23 00:28:25 :: Светодар load mob манекен #187
04-08-23 00:32:14 :: Светодар load mob манекен #187
04-08-23 00:36:44 :: Светодар load mob манекен #187
04-08-23 00:42:51 :: Светодар load mob манекен #187
04-08-23 00:44:53 :: Светодар load mob манекен #187
04-08-23 14:53:57 :: Светодар load mob манекен #187
04-08-23 16:40:15 :: Светодар load mob манекен #187
04-08-23 16:45:02 :: Светодар load mob манекен #187
04-08-23 16:52:15 :: Светодар load mob манекен #187
04-08-23 16:54:19 :: Светодар load mob манекен #187
04-08-23 18:10:24 :: Светодар load mob манекен #187
04-08-23 18:10:38 :: Светодар load obj простой щит #137
04-08-23 18:10:40 :: Светодар load obj бронзовый меч #107
04-08-23 18:12:59 :: Светодар load mob манекен #187
04-08-23 18:13:10 :: Светодар load obj бронзовый меч #107
04-08-23 18:15:00 :: Светодар load mob манекен #187
06-08-23 01:49:30 :: Светодар load mob манекен #187
06-08-23 14:55:33 :: Светодар load mob манекен #187
06-08-23 14:58:28 :: Светодар load mob манекен #187
06-08-23 15:03:07 :: Светодар load mob манекен #187
06-08-23 15:59:22 :: Светодар load mob манекен #187
06-08-23 16:00:27 :: Светодар load mob манекен #187
06-08-23 16:00:49 :: Светодар load mob манекен #187
06-08-23 16:01:15 :: Светодар command q
06-08-23 16:03:10 :: Светодар load mob манекен #187
06-08-23 16:08:37 :: Светодар load mob манекен #187
06-08-23 16:10:41 :: Светодар load mob манекен #187
06-08-23 16:17:49 :: Светодар load mob манекен #187
06-08-23 16:19:37 :: Светодар load mob манекен #187
06-08-23 16:24:46 :: Светодар load mob манекен #187
06-08-23 16:32:00 :: Светодар load mob манекен #187
06-08-23 16:33:36 :: Светодар load mob манекен #187
06-08-23 17:05:52 :: Светодар load mob манекен #187
06-08-23 17:06:55 :: Светодар load obj простой щит #137
06-08-23 17:07:01 :: Светодар load obj бронзовый меч #107
06-08-23 21:00:56 :: Светодар load mob манекен #187
06-08-23 21:06:29 :: Светодар load mob манекен #187
06-08-23 21:06:52 :: Светодар load mob манекен #187
06-08-23 21:08:14 :: Светодар load mob манекен #187
06-08-23 21:11:35 :: Светодар load mob манекен #187
06-08-23 21:42:48 :: Светодар load mob манекен #187
06-08-23 21:44:44 :: Светодар load mob манекен #187
06-08-23 21:58:18 :: Светодар load mob манекен #187
06-08-23 22:06:02 :: Светодар load mob манекен #187
06-08-23 22:11:34 :: Светодар load mob манекен #187
06-08-23 22:14:01 :: Светодар load mob манекен #187
06-08-23 22:15:57 :: Светодар load mob манекен #187
07-08-23 20:48:10 :: Светодар load mob манекен #187
07-08-23 20:53:59 :: Светодар load mob манекен #187
07-08-23 20:57:33 :: Светодар load mob манекен #187
07-08-23 21:00:57 :: Светодар load mob манекен #187
07-08-23 21:08:15 :: Светодар load mob манекен #187
07-08-23 21:14:24 :: Светодар load mob манекен #187
07-08-23 21:21:40 :: Светодар load mob манекен #187
07-08-23 21:24:46 :: Светодар load mob манекен #187
07-08-23 21:32:19 :: Светодар load mob манекен #187
07-08-23 21:33:38 :: Светодар load mob манекен #187
07-08-23 21:36:00 :: Светодар load mob манекен #187
07-08-23 21:41:18 :: Светодар load mob манекен #187
07-08-23 21:42:10 :: Светодар load mob манекен #187
07-08-23 21:45:57 :: Светодар load mob манекен #187
08-08-23 00:06:43 :: Светодар load mob манекен #187
08-08-23 00:07:44 :: Светодар load mob манекен #187
08-08-23 00:08:07 :: Светодар load obj простой щит #137
08-08-23 00:08:10 :: Светодар load obj бронзовый меч #107
08-08-23 00:08:18 :: Светодар load mob манекен #187
08-08-23 00:09:55 :: Светодар load mob манекен #187
08-08-23 00:11:28 :: Светодар load mob манекен #187
08-08-23 00:12:47 :: Светодар load mob манекен #187
08-08-23 00:16:08 :: Светодар load mob манекен #187
08-08-23 00:16:54 :: Светодар load mob манекен #187
08-08-23 00:18:38 :: Светодар load mob манекен #187
08-08-23 00:24:59 :: Светодар load mob манекен #187
08-08-23 00:32:02 :: Светодар load mob манекен #187
08-08-23 00:33:30 :: Светодар load mob манекен #187
08-08-23 12:04:17 :: Светодар load mob манекен #187
08-08-23 12:06:44 :: Светодар load mob манекен #187
08-08-23 12:07:56 :: Светодар load mob манекен #187
08-08-23 12:09:25 :: Светодар load obj простой щит #137
08-08-23 12:09:35 :: Светодар load obj бронзовый меч #107
08-08-23 12:15:05 :: Светодар load mob манекен #187
08-08-23 12:18:13 :: Светодар load mob манекен #187
08-08-23 19:22:58 :: Светодар load mob манекен #187
08-08-23 19:27:27 :: Светодар load mob манекен #187
08-08-23 19:31:37 :: Светодар load mob манекен #187
08-08-23 19:34:04 :: Светодар load mob манекен #187
08-08-23 19:41:14 :: Светодар load mob манекен #187
08-08-23 20:06:38 :: Светодар load mob манекен #187
08-08-23 20:20:03 :: Светодар load mob манекен #187
08-08-23 21:45:03 :: Светодар load mob манекен #187
08-08-23 21:48:40 :: Светодар load mob манекен #187
08-08-23 21:50:00 :: Светодар load mob манекен #187
08-08-23 21:57:45 :: Светодар load mob манекен #187
08-08-23 21:58:04 :: Светодар load mob манекен #187
08-08-23 23:02:00 :: Светодар load mob манекен #187
08-08-23 23:03:58 :: Светодар load mob манекен #187
08-08-23 23:05:56 :: Светодар load mob манекен #187
09-08-23 09:35:21 :: Светодар load mob манекен #187
09-08-23 09:36:27 :: Светодар load mob манекен #187
09-08-23 09:38:23 :: Светодар load mob манекен #187
09-08-23 09:44:11 :: Светодар load mob манекен #187
09-08-23 10:02:24 :: Светодар load mob манекен #187
09-08-23 10:04:06 :: Светодар load mob манекен #187
09-08-23 12:06:16 :: Светодар load mob манекен #187
09-08-23 12:07:40 :: Светодар load mob манекен #187
09-08-23 12:07:58 :: Светодар load mob манекен #187
09-08-23 12:08:14 :: Светодар load mob манекен #187
09-08-23 12:08:58 :: Светодар load obj &Yсияющий меч прозванный "Глас Божий"&n #1097
09-08-23 12:10:50 :: Светодар load mob манекен #187
09-08-23 12:20:31 :: Светодар load mob манекен #187
09-08-23 12:28:16 :: Светодар load mob манекен #187
09-08-23 12:30:17 :: Светодар load mob манекен #187
09-08-23 12:33:03 :: Светодар load mob манекен #187
09-08-23 12:37:43 :: Светодар load mob манекен #187
09-08-23 12:41:47 :: Светодар load mob манекен #187
09-08-23 12:43:13 :: Светодар load mob манекен #187
09-08-23 12:46:46 :: Светодар load mob манекен #187
09-08-23 12:47:54 :: Светодар load mob манекен #187
09-08-23 15:26:51 :: Светодар load mob манекен #187
09-08-23 17:31:56 :: Светодар command o
09-08-23 17:32:36 :: Светодар edit obj 107
09-08-23 17:33:06 :: Светодар load obj бронзовый меч #107
09-08-23 17:33:27 :: Светодар command щ
09-08-23 17:33:33 :: Светодар command o
09-08-23 17:33:51 :: Светодар edit obj 107
09-08-23 17:34:19 :: Светодар command o
09-08-23 17:34:32 :: Светодар edit obj 107
09-08-23 17:34:43 :: Светодар command o
09-08-23 17:34:51 :: Светодар edit obj 107
09-08-23 17:35:05 :: Светодар command o
09-08-23 17:35:13 :: Светодар edit obj 107
09-08-23 17:35:34 :: Светодар load mob манекен #187
09-08-23 17:36:01 :: Светодар command r
09-08-23 17:36:15 :: Светодар edit obj 107
09-08-23 17:36:25 :: Светодар load mob манекен #187
09-08-23 17:36:40 :: Светодар command x
09-08-23 17:36:47 :: Светодар edit obj 107
09-08-23 17:36:53 :: Светодар load mob манекен #187
09-08-23 17:38:43 :: Светодар load mob манекен #187
09-08-23 17:55:16 :: Светодар load obj кинжал &WГеоргия Победоносца&n #3342
09-08-23 17:55:57 :: Светодар command o
09-08-23 17:56:10 :: Светодар edit obj 107
09-08-23 17:56:12 :: Светодар load mob манекен #187
09-08-23 17:56:46 :: Светодар load mob манекен #187
09-08-23 18:08:20 :: Светодар load mob манекен #187
09-08-23 18:09:29 :: Светодар load mob манекен #187
09-08-23 18:11:20 :: Светодар load mob манекен #187
09-08-23 18:12:35 :: Светодар load mob манекен #187
09-08-23 18:13:10 :: Светодар load mob манекен #187
09-08-23 18:17:20 :: Светодар load mob манекен #187
09-08-23 18:18:12 :: Светодар load mob манекен #187
09-08-23 18:22:01 :: Светодар load mob манекен #187
09-08-23 18:23:36 :: Светодар load mob манекен #187
10-08-23 20:17:27 :: Светодар load mob манекен #187
10-08-23 20:25:13 :: Светодар load mob манекен #187
10-08-23 20:27:09 :: Светодар load mob манекен #187
10-08-23 21:05:15 :: Светодар load mob манекен #187
10-08-23 21:23:57 :: Светодар load mob манекен #187
10-08-23 21:31:52 :: Светодар load mob манекен #187
10-08-23 21:36:26 :: Светодар load mob манекен #187
10-08-23 21:37:14 :: Светодар load obj &Wсверкающий двуручный меч Причинения Добра&n #1158
10-08-23 21:37:40 :: Светодар load obj бронзовый двуручный меч #2201
10-08-23 21:37:53 :: Светодар load mob манекен #187
10-08-23 21:41:50 :: Светодар load mob манекен #187
10-08-23 21:42:27 :: Светодар load mob манекен #187
10-08-23 21:43:16 :: Светодар load mob манекен #187
10-08-23 21:45:23 :: Светодар load mob манекен #187
10-08-23 22:02:41 :: Светодар load mob манекен #187
10-08-23 22:04:40 :: Светодар load mob манекен #187
10-08-23 22:09:38 :: Светодар load mob манекен #187
10-08-23 22:15:36 :: Светодар load mob манекен #187
10-08-23 22:18:32 :: Светодар load mob манекен #187
10-08-23 22:19:25 :: Светодар load mob манекен #187
10-08-23 22:20:59 :: Светодар load mob манекен #187
10-08-23 22:25:29 :: Светодар load mob манекен #187
11-08-23 12:57:04 :: Светодар load mob манекен #187
11-08-23 12:58:34 :: Светодар load mob манекен #187
11-08-23 13:02:02 :: Светодар load mob манекен #187
11-08-23 13:29:38 :: Светодар load mob манекен #187
11-08-23 13:30:39 :: Светодар command t
11-08-23 13:30:57 :: Светодар command т
11-08-23 13:31:07 :: Светодар command q
11-08-23 13:33:19 :: Светодар command т
11-08-23 13:33:50 :: Светодар command q
11-08-23 13:33:51 :: Светодар edit mob 187
11-08-23 13:33:53 :: Светодар load mob манекен #187
11-08-23 13:34:05 :: Светодар load mob манекен #187
11-08-23 13:34:57 :: Светодар load mob манекен #187
11-08-23 13:39:44 :: Светодар load mob манекен #187
11-08-23 13:40:06 :: Светодар command д
11-08-23 13:40:16 :: Светодар command q
11-08-23 13:40:16 :: Светодар edit mob 187
11-08-23 13:40:18 :: Светодар load mob манекен #187
11-08-23 13:40:57 :: Светодар command д
11-08-23 13:41:05 :: Светодар command q
11-08-23 13:41:06 :: Светодар edit mob 187
11-08-23 13:41:07 :: Светодар load mob манекен #187
11-08-23 13:46:31 :: Светодар command b
11-08-23 13:46:43 :: Светодар command д
11-08-23 13:46:51 :: Светодар command q
11-08-23 13:46:52 :: Светодар edit mob 187
11-08-23 13:46:53 :: Светодар load mob манекен #187
11-08-23 14:01:33 :: Светодар load mob манекен #187
11-08-23 14:03:42 :: Светодар command т
11-08-23 14:04:19 :: Светодар command т
11-08-23 14:04:33 :: Светодар command q
11-08-23 14:04:34 :: Светодар edit mob 187
11-08-23 14:04:38 :: Светодар load mob манекен #187
11-08-23 14:06:27 :: Светодар command r
11-08-23 14:06:44 :: Светодар edit obj 137
11-08-23 14:06:47 :: Светодар load mob манекен #187
11-08-23 14:07:42 :: Светодар command r
11-08-23 14:07:55 :: Светодар edit obj 137
11-08-23 14:07:58 :: Светодар load mob манекен #187
11-08-23 15:11:34 :: Светодар load mob манекен #187
11-08-23 15:27:46 :: Светодар load mob манекен #187
11-08-23 15:28:54 :: Светодар load mob манекен #187
11-08-23 15:30:07 :: Светодар load mob манекен #187
11-08-23 15:30:38 :: Светодар load obj простой щит #137
11-08-23 15:30:41 :: Светодар load obj бронзовый меч #107
11-08-23 15:30:46 :: Светодар load obj бронзовый меч #107
11-08-23 15:31:16 :: Светодар command r
11-08-23 15:31:29 :: Светодар edit obj 137
11-08-23 15:31:34 :: Светодар load mob манекен #187
