;Format
;Basic value type
; str, dex_app, dex_skill, con, wis, int, cha, size, weapon
; VALx == 100000 - no change internal value
cha
;Value Leadership Charms Morale Illusive	Dam_to_hit_rate
0	-6	10	0	-6	26
1	-6	50	0	-6	26
2	-6	80	0	-6	26
3	-6	100	0	-5	26
4	-5	150	0	-5	26
5	-4	200	0	-4	26
6	-3	250	0	-4	26
7	-2	300	0	-4	26
8	-1	400	1	-3	26
9	0	500	2	-3	26
10	0	600	3	-2	26
11	1	800	4	-1	26
12	2	1000	5	0	25
13	3	1200	6	1	24
14	4	1400	7	3	23
15	5	1600	8	4	22
16	6	1875	9	5	21
17	7	2100	10	6	20
18	8	2400	11	7	20
19	9	2780	12	9	19
20	10	3230	13	10	19
21	11	3620	14	11	18
22	12	3940	15	12	18
23	13	4210	16	13	17
24	14	4440	17	14	17
25	15	4778	18	15	17
26	16	5071	19	16	17
27	17	5334	20	17	17
28	18	5587	21	18	17
29	19	5830	22	19	17
30	20	6063	23	20	17
31	21	6286	24	21	17
32	22	6499	25	22	17
33	23	6702	26	23	17
34	24	6895	27	24	17
35	25	7088	28	25	17
36	26	7281	29	26	17
37	27	7474	30	27	17
38	28	7667	31	28	17
39	29	7860	32	29	16
40	30	8053	33	30	16
41	31	8246	34	31	16
42	32	8439	35	32	16
43	33	8632	36	33	16
44	34	8825	37	34	16
45	35	9018	38	35	16
46	36	9211	39	36	15
47	37	9404	40	37	14
48	38	9597	41	38	13
49	39	9790	42	39	12
50	40	9983	43	40	12
51	41	10104	44	41	12
52	42	10302	45	42	12
53	43	10492	46	43	11
54	44	10685	47	44	11
55	44	10825	48	45	11
56	45	10965	49	46	11
57	46	11105	50	47	11
58	47	11245	51	48	11
59	48	11385	52	49	11
60	49	11525	53	50	11
61	50	11665	54	51	10
62	51	11805	55	52	10
63	52	11945	56	53	10
64	53	12085	57	54	10
65	54	12225	58	55	10
66	55	12365	59	56	10
67	56	12505	60	57	10
68	57	12645	61	58	10
69	58	12785	62	59	10
70	59	12925	63	60	10
71	60	13065	64	61	10
72	61	13205	65	62	9
73	62	13345	66	62	9
74	63	13485	67	63	9
75	65	13625	68	64	9
76	66	13765	69	65	9
77	67	13905	70	66	9
78	68	14045	71	67	9
79	69	14185	72	68	9
80	70	14325	73	69	9
81	71	14465	73	70	9
82	72	14605	74	71	9
83	73	14745	75	71	9
84	74	14885	76	72	9
85	75	15025	77	73	9
86	76	15165	77	74	9
87	77	15305	78	75	9
88	78	15445	79	76	9
89	79	15585	80	77	9
90	80	15725	81	78	9

weapon
;Value Shocking Bashing
0		1	0	-10
1		1	0	-10
2		1	0	-8
3		2	0	-6
4		2	0	-4
5		3	1	-2
6		3	2	0
7		4	3	2
8		4	4	4
9		5	5	6
10		5	6	8
11		5	7	10
12		6	8	11
13		6	9	12
14		7	10	13
15		7	11	15
16		8	12	16
17		8	13	17
18		9	14	18
19		9	15	19
20		10	15	20
21		11	16	21
22		12	17	22
23		13	18	23
24		14	19	24
25		15	20	25
26		16	21	26
27		17	22	27
28		18	23	28
29		19	24	29
30		20	25	30
31		22	26	31
32		24	27	32
33		26	28	33
34		28	29	34
35		30	30	35
36		32	31	36
37		34	32	37
38		36	33	38
39		38	34	39
40		40	35	40
41		41	36	41
42		42	37	42
43		43	38	43
44		44	39	44
45		45	40	45
46		46	41	46
47		47	42	47
48		48	43	48
49		49	44	49
50		50	45	50
51		50	45	50
52		50	45	50
53		50	45	50
54		50	45	50
55		50	45	50
56		50	45	50
57		50	45	50
58		50	45	50
59		50	45	50
60		50	45	50
61		50	45	50
62		50	45	50
63		50	45	50
64		50	45	50
65		50	45	50
66		50	45	50
67		50	45	50
68		50	45	50
69		50	45	50
70		50	45	50
71		50	45	50
72		50	45	50
73		50	45	50
74		50	45	50
75		50	45	50
76		50	45	50
77		50	45	50
78		50	45	50
79		50	45	50
80		50	45	50
81		50	45	50
82		50	45	50
83		50	45	50
84		50	45	50
85		50	45	50
86		50	45	50
87		50	45	50
88		50	45	50
89		50	45	50
90		50	45	50
91		50	45	50
92		50	45	50
93		50	45	50
94		50	45	50
95		50	45	50
96		50	45	50
97		50	45	50
98		50	45	50
99		50	45	50
100		50	45	50
int
;Value SpellAcknowledge ToSkilluse ManaPerTic Fails ImprooveSkill Observation
0		10	-10	10   34 	  0	  -5
1		10	-9	10   38 	  1	  -5
2		10	-8	10   42 	  1	  -5
3		14	-7	10   46 	  2	  -4
4		18	-6	15   50 	  2	  -4
5		22	-5	20   52 	  3	  -3
6		26	-4	25   54 	  3	  -2
7		30	-3	30   56 	  4	  -2
8		34	-2	40   58 	  4	  -1
9		38	-1	50   60 	  5	  -1
10		42	0	60   140 	  5	  0
11		46	1	63   160 	  6	  0
12		50	2	66   180 	  7	  0
13		53	3	69   200 	  8	  0
14		57	4	72   220 	  9	  0
15		60	5	75   240 	  10	  1
16		64	6	78   260 	  11	  2
17		68	7	81   280 	  12	  3
18		72	8	84   300 	  13	  4
19		76	9	87   320 	  14	  5
20		80	10	90   340 	  15	  6
21		82	11	92   360 	  16	  7
22		84	12	94   380 	  17	  8
23		86	13	96   400 	  18	  9
24		88	14	98   420 	  19	  9
25		90	15	100  440 	  20	  10
26		91	16	105  460 	  21	  11
27		92	17	110  480 	  22	  12
28		93	18	115  500 	  23	  13
29		94	19	120  520	  24	  14
30		95	20	130  540	  25	  15
31		95	21	135  560	  26	  16
32		95	22	140  580	  27	  17
33		95	23	145  600	  28	  18
34		95	24	150  620	  29	  19
35		96	25	150  640	  30	  20
36		96	26	155  660	  31	  21
37		96	27	155  680 	  32	  22
38		96	28	160  700 	  33	  23
39		96	29	160  720 	  34	  24
40		97	30	165  740 	  35	  25
41		97	31	165  760 	  36	  26
42		97	32	170  780 	  37	  27
43		97	33	170  800	  38	  28
44		97	34	175  820	  39	  29
45		98	35	175  840	  40	  30
46		98	36	180  860	  41	  31
47		98	37	180  880	  42	  32
48		99	38	190  900	  43	  33
49		99	39	190  920	  44	  34
50		100	40	200  940	  45	  35
51		100	40	200  940	  45	  35
52		100	40	200  940	  45	  35
53		100	40	200  940	  45	  35
54		100	40	200  940	  45	  35
55		100	40	200  940	  45	  35
56		100	40	200  940	  45	  35
57		100	40	200  940	  45	  35
58		100	40	200  940	  45	  35
59		100	40	200  940	  45	  35
60		100	40	200  940	  45	  35
61		100	40	200  940	  45	  35
62		100	40	200  940	  45	  35
63		100	40	200  940	  45	  35
64		100	40	200  940	  45	  35
65		100	40	200  940	  45	  35
66		100	40	200  940	  45	  35
67		100	40	200  940	  45	  35
68		100	40	200  940	  45	  35
69		100	40	200  940	  45	  35
70		100	40	200  940	  45	  35
71		100	40	200  940	  45	  35
72		100	40	200  940	  45	  35
73		100	40	200  940	  45	  35
74		100	40	200  940	  45	  35
75		100	40	200  940	  45	  35
76		100	40	200  940	  45	  35
77		100	40	200  940	  45	  35
78		100	40	200  940	  45	  35
79		100	40	200  940	  45	  35
80		100	40	200  940	  45	  35
81		100	40	200  940	  45	  35
82		100	40	200  940	  45	  35
83		100	40	200  940	  45	  35
84		100	40	200  940	  45	  35
85		100	40	200  940	  45	  35
86		100	40	200  940	  45	  35
87		100	40	200  940	  45	  35
88		100	40	200  940	  45	  35
89		100	40	200  940	  45	  35
90		100	40	200  940	  45	  35
91		100	40	200  940	  45	  35
92		100	40	200  940	  45	  35
93		100	40	200  940	  45	  35
94		100	40	200  940	  45	  35
95		100	40	200  940	  45	  35
96		100	40	200  940	  45	  35
97		100	40	200  940	  45	  35
98		100	40	200  940	  45	  35
99		100	40	200  940	  45	  35
100		100	40	200  940	  45	  35
size
;ToAC Interpolate initiative Shocking
0		-5	10	5	1
1		-5	10	5	1
2		-5	10	5	1
3		-5	9	4	1
4		-5	9	4	2
5		-5	8	4	2
6		-4	8	4	2
7		-4	7	4	2
8		-4	7	3	2
9		-4	7	3	3
10		-3	6	3	3
11		-3	6	3	3
12		-3	6	3	3
13		-3	5	2	4
14		-2	5	2	4
15		-2	4	2	4
16		-2	4	2	4
17		-2	4	2	5
18		-1	3	1	5
19		-1	3	1	6
20		-1	2	1	6
21		0	2	1	7
22		0	1	1	7
23		0	1	0	8
24		0	0	0	9
25		0	0	0	9
26		0	0	0	10
27		0	-1	0	11
28		0	-1	-1	11
29		0	-1	-1	12
30		0	-2	-1	12
31		1	-2	-1	13
32		1	-2	-1	13
33		1	-3	-2	14
34		1	-3	-2	14
35		1	-4	-2	15
36		2	-4	-2	16
37		2	-5	-2	17
38		2	-5	-3	18
39		2	-5	-3	19
40		3	-6	-3	20
41		3	-6	-3	21
42		3	-7	-3	22
43		3	-7	-4	23
44		3	-7	-4	24
45		4	-8	-4	25
46		4	-8	-4	26
47		4	-9	-4	27
48		5	-9	-5	28
49		5	-10	-5	29
50		5	-10	-5	30
51		5	-10	-5	30
52		5	-10	-5	30
53		5	-10	-5	30
54		5	-10	-5	30
55		5	-10	-5	30
56		5	-10	-5	30
57		5	-10	-5	30
58		5	-10	-5	30
59		5	-10	-5	30
60		5	-10	-5	30
61		5	-10	-5	30
62		5	-10	-5	30
63		5	-10	-5	30
64		5	-10	-5	30
65		5	-10	-5	30
66		5	-10	-5	30
67		5	-10	-5	30
68		5	-10	-5	30
69		5	-10	-5	30
70		5	-10	-5	30
71		5	-10	-5	30
72		5	-10	-5	30
73		5	-10	-5	30
74		5	-10	-5	30
75		5	-10	-5	30
76		5	-10	-5	30
77		5	-10	-5	30
78		5	-10	-5	30
79		5	-10	-5	30
80		5	-10	-5	30
81		5	-10	-5	30
82		5	-10	-5	30
83		5	-10	-5	30
84		5	-10	-5	30
85		5	-10	-5	30
86		5	-10	-5	30
87		5	-10	-5	30
88		5	-10	-5	30
89		5	-10	-5	30
90		5	-10	-5	30
91		5	-10	-5	30
92		5	-10	-5	30
93		5	-10	-5	30
94		5	-10	-5	30
95		5	-10	-5	30
96		5	-10	-5	30
97		5	-10	-5	30
98		5	-10	-5	30
99		5	-10	-5	30
100		5	-10	-5	30
