;Magic name        Race Class Remort Slot Level Mem
;О©╫О©╫О©╫О©╫О©╫О©╫ (О©╫О©╫О©╫О©╫О©╫О©╫)
О©╫О©╫О©╫О©╫О©╫О©╫О©╫ О©╫О©╫О©╫О©╫                            0  0  0   1 1 0
О©╫О©╫О©╫О©╫О©╫О©╫О©╫ О©╫О©╫О©╫О©╫                            0  0  0   1 1 0
О©╫О©╫О©╫О©╫О©╫О©╫ О©╫О©╫О©╫О©╫О©╫О©╫О©╫О©╫О©╫                        0  0  0   1 1 0
О©╫О©╫О©╫О©╫О©╫О©╫О©╫О©╫О©╫О©╫О©╫ О©╫О©╫О©╫О©╫О©╫О©╫О©╫О©╫О©╫О©╫О©╫О©╫                0  0  0   1 1 0
О©╫О©╫О©╫О©╫О©╫О©╫О©╫О©╫О©╫О©╫О©╫ О©╫О©╫О©╫                         0  0  0   1 1 0
О©╫О©╫О©╫О©╫О©╫О©╫О©╫ О©╫О©╫О©╫О©╫                            0  0  0   1 1 0
О©╫О©╫О©╫О©╫О©╫О©╫ О©╫О©╫О©╫О©╫                             0  0  0   1 1 0
О©╫О©╫О©╫О©╫О©╫О©╫О©╫О©╫ *                              0  0  0   2 4 0
О©╫О©╫О©╫О©╫О©╫О©╫О©╫ *                               0  0  0   2 5 0 
О©╫О©╫О©╫О©╫О©╫О©╫О©╫О©╫ О©╫О©╫О©╫О©╫О©╫О©╫О©╫                        0  0  0   2 5 0
О©╫О©╫О©╫О©╫О©╫О©╫О©╫О©╫О©╫ *                             0  0  0   2 4 0
О©╫О©╫О©╫О©╫О©╫ О©╫О©╫О©╫О©╫О©╫О©╫О©╫О©╫О©╫                         0  0  0   2 5 0
О©╫О©╫О©╫О©╫О©╫О©╫О©╫ О©╫О©╫                              0  0  0   2 5 0
О©╫О©╫О©╫О©╫О©╫О©╫О©╫О©╫О©╫ О©╫О©╫О©╫                           0  0  0   3 7 0
О©╫О©╫О©╫О©╫О©╫О©╫О©╫О©╫О©╫ О©╫О©╫О©╫О©╫О©╫О©╫О©╫О©╫О©╫                     0  0  0   3 7 0
О©╫О©╫О©╫О©╫О©╫О©╫О©╫О©╫О©╫ О©╫О©╫О©╫О©╫                          0  0  0   3 7 0
О©╫О©╫О©╫О©╫О©╫О©╫О©╫О©╫ О©╫О©╫О©╫О©╫О©╫О©╫О©╫О©╫О©╫                      0  0  0   3 10 0 
О©╫О©╫О©╫О©╫О©╫О©╫О©╫О©╫О©╫ *                             0  0  0   3 12 0
О©╫О©╫О©╫О©╫О©╫О©╫О©╫О©╫О©╫О©╫О©╫О©╫О©╫О©╫ О©╫О©╫О©╫О©╫                     0  0  0   3 15 0
О©╫О©╫О©╫О©╫О©╫О©╫ О©╫О©╫О©╫О©╫О©╫                            0  0  0   3 15 0
О©╫О©╫О©╫О©╫О©╫О©╫ О©╫О©╫О©╫О©╫О©╫                            0  0  0   3 7 0
О©╫О©╫О©╫О©╫О©╫О©╫О©╫О©╫О©╫О©╫О©╫О©╫О©╫О©╫О©╫ *                       0  0  0   4 10 0
О©╫О©╫О©╫О©╫О©╫ *                                 0  0  0   4 10 0
О©╫О©╫О©╫О©╫О©╫О©╫О©╫О©╫ О©╫О©╫О©╫О©╫О©╫                          0  0  0   4 10 0
О©╫О©╫О©╫О©╫О©╫О©╫ О©╫О©╫О©╫О©╫О©╫О©╫О©╫                          0  0  0   4 10 0
О©╫О©╫О©╫О©╫О©╫ О©╫О©╫О©╫О©╫О©╫О©╫О©╫О©╫О©╫О©╫                        0  0  0   4 10 0
О©╫О©╫О©╫О©╫О©╫ О©╫О©╫О©╫О©╫О©╫О©╫О©╫О©╫                          0  0  0   4 10 0
О©╫О©╫О©╫О©╫О©╫О©╫О©╫О©╫О©╫О©╫О©╫ О©╫О©╫О©╫О©╫О©╫О©╫О©╫О©╫О©╫                   0  0  0   5 15 0
О©╫О©╫О©╫О©╫О©╫О©╫О©╫О©╫О©╫О©╫О©╫ О©╫О©╫О©╫О©╫                        0  0  0   5 15 0
О©╫О©╫О©╫О©╫О©╫О©╫О©╫ О©╫О©╫О©╫                             0  0  0   5 14 0
О©╫О©╫О©╫О©╫О©╫ О©╫О©╫О©╫О©╫О©╫О©╫О©╫                           0  0  0   5 14 0
О©╫О©╫О©╫О©╫О©╫ О©╫О©╫О©╫О©╫О©╫О©╫О©╫О©╫                          0  0  0   5 18 0
О©╫О©╫О©╫О©╫О©╫О©╫О©╫ О©╫О©╫О©╫О©╫О©╫О©╫О©╫О©╫О©╫О©╫О©╫О©╫О©╫О©╫                  0  0  0   5 15 0
О©╫О©╫О©╫О©╫ *                                  0  0  0   6 18 0
О©╫О©╫О©╫О©╫О©╫О©╫ *                                0  0  0   6 18 0
О©╫О©╫О©╫ *                                   0  0  0   6 18 0
О©╫О©╫О©╫О©╫О©╫О©╫О©╫О©╫О©╫ *                             0  0  0   6 20 0
О©╫О©╫О©╫О©╫О©╫О©╫О©╫О©╫ *                              0  0  2   6 28 0
О©╫О©╫О©╫О©╫О©╫О©╫О©╫О©╫ О©╫О©╫О©╫О©╫О©╫О©╫О©╫                        0  0  1   7 22 0
О©╫О©╫О©╫О©╫О©╫О©╫О©╫О©╫ О©╫О©╫О©╫О©╫О©╫О©╫О©╫О©╫О©╫                      0  0  0   7 22 0
О©╫О©╫О©╫О©╫О©╫О©╫О©╫О©╫О©╫ О©╫О©╫О©╫О©╫О©╫О©╫О©╫О©╫                      0  0  0   7 22 0
О©╫О©╫О©╫О©╫О©╫ О©╫О©╫О©╫О©╫О©╫О©╫О©╫О©╫О©╫О©╫О©╫О©╫О©╫О©╫                    0  0  0   7 24 0
О©╫О©╫О©╫О©╫О©╫ О©╫О©╫О©╫О©╫                              0  0  0   7 25 0
О©╫О©╫О©╫О©╫О©╫О©╫О©╫ О©╫О©╫О©╫О©╫О©╫О©╫                          0  0  0   7 27 0
О©╫О©╫О©╫О©╫О©╫О©╫ О©╫О©╫О©╫О©╫О©╫                            0  0  0   7 24 0
О©╫О©╫О©╫О©╫О©╫ *                                 0  0  0   7 24 0
О©╫О©╫О©╫О©╫О©╫О©╫О©╫О©╫ О©╫О©╫О©╫О©╫О©╫                          0  0  0   7 26 0
О©╫О©╫О©╫О©╫О©╫О©╫О©╫О©╫О©╫ О©╫О©╫О©╫О©╫О©╫О©╫О©╫                       0  0  0   7 26 0
О©╫О©╫О©╫О©╫О©╫О©╫О©╫О©╫О©╫ О©╫О©╫О©╫О©╫О©╫О©╫О©╫О©╫О©╫                     0  0  0   8 28 0
О©╫О©╫О©╫О©╫О©╫О©╫ О©╫О©╫О©╫О©╫О©╫                            0  0  1   8 29 0
;О©╫О©╫О©╫О©╫О©╫О©╫ (О©╫О©╫О©╫О©╫О©╫О©╫)
О©╫О©╫О©╫О©╫О©╫О©╫О©╫О©╫ О©╫О©╫О©╫О©╫О©╫О©╫                         0  1  0   1 1 0
О©╫О©╫О©╫О©╫О©╫О©╫О©╫О©╫О©╫О©╫О©╫ О©╫О©╫О©╫О©╫О©╫                       0  1  0   1 1 0
О©╫О©╫О©╫О©╫О©╫О©╫О©╫ О©╫О©╫О©╫О©╫                            0  1  0   1 1 0
О©╫О©╫О©╫О©╫О©╫О©╫О©╫ О©╫О©╫О©╫О©╫                            0  1  0   1 1 0
О©╫О©╫О©╫О©╫О©╫О©╫ О©╫О©╫О©╫О©╫О©╫О©╫О©╫О©╫О©╫                        0  1  0   1 4 0
О©╫О©╫О©╫О©╫О©╫О©╫О©╫О©╫О©╫О©╫О©╫ *                           0  1  0   1 5 0
О©╫О©╫О©╫О©╫О©╫О©╫О©╫О©╫О©╫О©╫ О©╫О©╫О©╫О©╫О©╫О©╫                       0  1  0   2 4 -10
О©╫О©╫О©╫О©╫О©╫О©╫ *                                0  1  0   2 4 0
О©╫О©╫О©╫О©╫ *                                  0  1  0   2 4 0
О©╫О©╫О©╫О©╫ О©╫О©╫О©╫О©╫О©╫О©╫О©╫                            0  1  0   2 13 0
О©╫О©╫О©╫О©╫О©╫О©╫ *                                0  1  0   3 7 -40
О©╫О©╫О©╫О©╫О©╫ *                                 0  1  0   3 7 0
О©╫О©╫О©╫О©╫О©╫О©╫О©╫О©╫ *                              0  1  0   3 7 0
О©╫О©╫О©╫О©╫О©╫ О©╫О©╫О©╫О©╫                              0  1  0   3 7 -40
О©╫О©╫О©╫О©╫О©╫О©╫О©╫О©╫ О©╫О©╫О©╫О©╫О©╫                          0  1  0   3 10 0
О©╫О©╫О©╫О©╫О©╫ О©╫О©╫О©╫О©╫                              0  1  6   3 12 0
О©╫О©╫О©╫О©╫О©╫О©╫О©╫О©╫ О©╫О©╫О©╫О©╫О©╫                          0  1  0   4 12 -50
О©╫О©╫О©╫О©╫О©╫О©╫О©╫ *                               0  1  0   4 10 -45
О©╫О©╫О©╫О©╫О©╫О©╫ *                                0  1  0   4 26 0
О©╫О©╫О©╫О©╫О©╫О©╫О©╫ О©╫О©╫О©╫О©╫О©╫О©╫                          0  1  0   4 10 -50
О©╫О©╫О©╫О©╫О©╫О©╫О©╫О©╫ О©╫О©╫О©╫О©╫О©╫О©╫                         0  1  0   4 12 0
О©╫О©╫О©╫О©╫О©╫О©╫ О©╫О©╫О©╫О©╫О©╫                            0  1  0   4 15 0
О©╫О©╫О©╫О©╫О©╫О©╫О©╫ О©╫О©╫О©╫О©╫О©╫О©╫                          0  1  0   5 14 -65
О©╫О©╫О©╫О©╫О©╫О©╫О©╫О©╫О©╫О©╫ *                            0  1  0   5 20 0
О©╫О©╫О©╫О©╫О©╫О©╫О©╫О©╫О©╫О©╫ *                            0  1  0   5 14 30
О©╫О©╫О©╫О©╫О©╫О©╫О©╫ О©╫О©╫О©╫О©╫О©╫                           0  1  0   5 14 -65
О©╫О©╫О©╫О©╫О©╫О©╫О©╫О©╫ О©╫О©╫О©╫О©╫О©╫                          0  1  0   6 18 0
О©╫О©╫О©╫О©╫ О©╫О©╫О©╫О©╫О©╫О©╫                             0  1  0   6 18 -65
О©╫О©╫О©╫О©╫О©╫О©╫О©╫О©╫О©╫О©╫О©╫О©╫ *                          0  1  0   6 20 0
О©╫О©╫О©╫О©╫О©╫О©╫О©╫О©╫О©╫ О©╫О©╫О©╫О©╫О©╫О©╫О©╫                       0  1  0   6 20 0
О©╫О©╫О©╫О©╫О©╫ *                                 0  1  2   6 23 -70
О©╫О©╫О©╫О©╫О©╫О©╫О©╫О©╫О©╫ О©╫О©╫О©╫О©╫О©╫О©╫                        0  1  0   7 25 -80
О©╫О©╫О©╫О©╫О©╫О©╫ О©╫О©╫О©╫О©╫О©╫                            0  1  0   7 24 0
О©╫О©╫О©╫О©╫О©╫О©╫О©╫О©╫ О©╫О©╫О©╫                            0  1  0   7 25 -80
О©╫О©╫О©╫О©╫О©╫О©╫О©╫О©╫О©╫О©╫О©╫ О©╫О©╫О©╫О©╫О©╫                       0  1  0   7 25 -75
О©╫О©╫О©╫О©╫О©╫О©╫О©╫О©╫О©╫О©╫ О©╫О©╫О©╫О©╫                         0  1  0   7 26 0
О©╫О©╫О©╫О©╫О©╫О©╫О©╫ *                               0  1  0   7 22 0
О©╫О©╫О©╫О©╫О©╫ *                                 0  1  0   8 25 -80
О©╫О©╫О©╫О©╫О©╫О©╫О©╫ О©╫О©╫О©╫О©╫О©╫                           0  1  0   8 26 0
О©╫О©╫О©╫О©╫О©╫О©╫О©╫ *                               0  1  0   8 26 0
О©╫О©╫О©╫О©╫ О©╫О©╫О©╫О©╫О©╫                              0  1  2   8 26 -55
О©╫О©╫О©╫О©╫О©╫О©╫О©╫О©╫ О©╫О©╫О©╫                            0  1  0   9 29 0
О©╫О©╫О©╫ О©╫О©╫О©╫О©╫О©╫                               0  1  2   9 28 -45
О©╫О©╫О©╫О©╫О©╫О©╫О©╫О©╫О©╫О©╫О©╫ О©╫О©╫О©╫О©╫О©╫О©╫                      0  1  2   9 29 0
О©╫О©╫О©╫О©╫ О©╫О©╫О©╫О©╫О©╫О©╫О©╫                            0  1  6   9 29 0
О©╫О©╫О©╫О©╫О©╫О©╫О©╫О©╫ *                              0  1  3   9 29 0
О©╫О©╫О©╫О©╫ О©╫О©╫О©╫О©╫О©╫О©╫О©╫О©╫                           0  1  2   9 29 0
;О©╫О©╫О©╫О©╫О©╫О©╫ (О©╫О©╫О©╫О©╫О©╫О©╫О©╫О©╫)
О©╫О©╫О©╫О©╫О©╫О©╫О©╫О©╫О©╫О©╫О©╫ О©╫О©╫О©╫О©╫О©╫                       0  6  0   1 1 0
О©╫О©╫О©╫О©╫О©╫О©╫О©╫О©╫О©╫О©╫ О©╫О©╫О©╫О©╫О©╫О©╫                       0  6  0   1 1 0
О©╫О©╫О©╫О©╫О©╫О©╫О©╫ О©╫О©╫О©╫О©╫                            0  6  0   1 1 0
О©╫О©╫О©╫О©╫О©╫О©╫О©╫О©╫О©╫О©╫О©╫ *                           0  6  0   1 3 0
О©╫О©╫О©╫О©╫О©╫О©╫О©╫О©╫О©╫О©╫О©╫ О©╫О©╫О©╫О©╫О©╫                       0  6  0   2 20 0
О©╫О©╫О©╫О©╫О©╫О©╫ *                                0  6  0   2 4 0
О©╫О©╫О©╫О©╫О©╫О©╫ О©╫О©╫О©╫О©╫О©╫О©╫О©╫О©╫О©╫                        0  6  0   2 4 0
О©╫О©╫О©╫О©╫ *                                  0  6  0   2 4 0
О©╫О©╫О©╫О©╫О©╫О©╫О©╫О©╫О©╫О©╫О©╫О©╫О©╫ *                         0  6  0   2 4 0
О©╫О©╫О©╫О©╫О©╫О©╫О©╫О©╫О©╫О©╫О©╫О©╫О©╫О©╫ *                        0  6  0   2 25 0
О©╫О©╫О©╫О©╫О©╫О©╫О©╫ О©╫О©╫О©╫О©╫О©╫О©╫О©╫О©╫О©╫О©╫О©╫О©╫О©╫                   0  6  0   3 7 0
О©╫О©╫О©╫ *                                   0  6  0   3 7 0
О©╫О©╫О©╫О©╫О©╫ *                                 0  6  0   3 7 0
О©╫О©╫О©╫О©╫О©╫О©╫О©╫О©╫ *                              0  6  0   3 7 0
;О©╫О©╫О©╫О©╫ *	                                0  6  0   3 7 0
О©╫О©╫О©╫О©╫О©╫О©╫О©╫О©╫ *                              0  6  0   3 10 0
О©╫О©╫О©╫О©╫О©╫О©╫О©╫О©╫О©╫ О©╫О©╫О©╫О©╫О©╫                         0  6  0   4 10 0
О©╫О©╫О©╫О©╫О©╫О©╫О©╫О©╫О©╫О©╫ *                            0  6  0   4 15 0
О©╫О©╫О©╫О©╫О©╫О©╫О©╫О©╫ О©╫О©╫О©╫О©╫О©╫                          0  6  0   4 12 0
О©╫О©╫О©╫О©╫ *                                  0  6  0   5 16 0
О©╫О©╫О©╫О©╫ *                                  0  6  0   5 16 0
О©╫О©╫О©╫О©╫ *                                  0  6  0   5 14 0
О©╫О©╫О©╫О©╫О©╫О©╫О©╫ *                               0  6  0   5 14 0
О©╫О©╫О©╫О©╫О©╫О©╫О©╫О©╫О©╫О©╫ О©╫О©╫О©╫О©╫О©╫О©╫О©╫О©╫                     0  6  0   5 15 0
О©╫О©╫О©╫О©╫О©╫О©╫О©╫О©╫ О©╫О©╫О©╫О©╫                           0  6  0   5 20 0
О©╫О©╫О©╫О©╫О©╫О©╫О©╫О©╫О©╫О©╫ *                            0  6  0   6 20 0
О©╫О©╫О©╫О©╫О©╫О©╫О©╫О©╫О©╫ О©╫О©╫О©╫О©╫                          0  6  0   6 18 0
О©╫О©╫О©╫О©╫О©╫О©╫О©╫О©╫О©╫ О©╫О©╫О©╫О©╫О©╫О©╫О©╫                       0  6  0   6 18 0
О©╫О©╫О©╫О©╫О©╫О©╫О©╫ *                               0  6  0   6 18 0
О©╫О©╫О©╫О©╫О©╫О©╫О©╫О©╫О©╫О©╫ О©╫О©╫О©╫О©╫                         0  6  0   7 26 0
О©╫О©╫О©╫О©╫О©╫О©╫О©╫О©╫О©╫О©╫ О©╫О©╫О©╫                          0  6  0   7 25 0
О©╫О©╫О©╫О©╫О©╫ О©╫О©╫О©╫О©╫О©╫О©╫О©╫О©╫О©╫О©╫О©╫                       0  6  0   7 26 0
О©╫О©╫О©╫О©╫О©╫О©╫О©╫О©╫О©╫ О©╫О©╫О©╫О©╫О©╫О©╫О©╫О©╫О©╫О©╫О©╫                   0  6  0   7 22 0
О©╫О©╫О©╫О©╫О©╫О©╫О©╫О©╫ *                              0  6  2   7 28 0
О©╫О©╫О©╫О©╫О©╫О©╫ О©╫О©╫О©╫О©╫О©╫                            0  6  0   7 24 0
О©╫О©╫О©╫О©╫О©╫О©╫О©╫О©╫О©╫ О©╫О©╫О©╫                           0  6  0   7 24 0
О©╫О©╫О©╫О©╫О©╫О©╫О©╫О©╫О©╫ О©╫О©╫О©╫О©╫О©╫                         0  6  0   7 25 0
О©╫О©╫О©╫О©╫О©╫О©╫О©╫О©╫ О©╫О©╫О©╫О©╫О©╫О©╫О©╫О©╫                       0  6  2   8 26 0 
О©╫О©╫О©╫ О©╫О©╫О©╫О©╫О©╫                               0  6  2   8 26 0 
О©╫О©╫О©╫О©╫О©╫О©╫О©╫О©╫О©╫О©╫ О©╫О©╫О©╫О©╫О©╫О©╫О©╫                      0  6  0   8 25 -150
О©╫О©╫О©╫О©╫О©╫О©╫О©╫О©╫ О©╫О©╫О©╫О©╫О©╫О©╫О©╫О©╫О©╫О©╫О©╫О©╫О©╫О©╫                 0  6  0   8 26 0
О©╫О©╫О©╫О©╫О©╫О©╫О©╫О©╫О©╫О©╫ О©╫О©╫О©╫О©╫                         0  6  0   4 16 0
О©╫О©╫О©╫О©╫О©╫О©╫О©╫О©╫О©╫О©╫ О©╫О©╫О©╫О©╫О©╫О©╫О©╫                      0  6  2   9 28 0
О©╫О©╫О©╫О©╫О©╫О©╫О©╫О©╫ О©╫О©╫О©╫О©╫О©╫                          0  6  0   9 29 0
О©╫О©╫О©╫О©╫О©╫О©╫О©╫О©╫ О©╫О©╫О©╫О©╫                           0  6  0   9 28 0

;О©╫О©╫О©╫О©╫О©╫О©╫ (О©╫О©╫О©╫О©╫О©╫О©╫О©╫О©╫О©╫)
О©╫О©╫О©╫О©╫О©╫О©╫ *                                0  7  0   1 1 0
О©╫О©╫О©╫О©╫О©╫О©╫О©╫О©╫О©╫О©╫О©╫ О©╫О©╫О©╫                         0  7  0   1 1 0
О©╫О©╫О©╫О©╫О©╫О©╫О©╫О©╫О©╫О©╫ О©╫О©╫О©╫О©╫О©╫О©╫                       0  7  0   1 1 0
О©╫О©╫О©╫О©╫ *                                  0  7  0   1 1 0
О©╫О©╫О©╫О©╫О©╫О©╫О©╫О©╫ *                              0  7  0   1 1 0
О©╫О©╫О©╫О©╫О©╫О©╫О©╫ О©╫О©╫О©╫О©╫                            0  7  0   1 1 0
О©╫О©╫О©╫О©╫О©╫О©╫ О©╫О©╫                               0  7  0   1 3 0
О©╫О©╫О©╫О©╫О©╫О©╫О©╫О©╫О©╫О©╫О©╫ О©╫О©╫О©╫О©╫О©╫О©╫О©╫О©╫О©╫О©╫О©╫О©╫                0  7  0   2 4 0
О©╫О©╫О©╫О©╫О©╫О©╫ О©╫О©╫О©╫О©╫О©╫О©╫О©╫О©╫О©╫                        0  7  0   2 4 0
О©╫О©╫О©╫О©╫О©╫О©╫О©╫О©╫О©╫О©╫О©╫ О©╫О©╫О©╫О©╫О©╫                       0  7  0   2 4 0
О©╫О©╫О©╫О©╫О©╫О©╫О©╫О©╫О©╫О©╫О©╫ *                           0  7  0   2 5 0
О©╫О©╫О©╫О©╫О©╫О©╫О©╫О©╫О©╫О©╫О©╫О©╫О©╫ *                         0  7  0   2 4 0
О©╫О©╫О©╫О©╫О©╫О©╫О©╫О©╫ *				0  7  0   2 6 0
О©╫О©╫О©╫О©╫О©╫О©╫О©╫О©╫О©╫О©╫ *                            0  7  0   3 7 -42
О©╫О©╫О©╫О©╫О©╫О©╫О©╫ О©╫О©╫О©╫О©╫О©╫О©╫О©╫О©╫О©╫О©╫О©╫О©╫О©╫                   0  7  0   3 7 0
О©╫О©╫О©╫О©╫О©╫ *                                 0  7  0   3 7 0
О©╫О©╫О©╫О©╫О©╫О©╫О©╫О©╫ *                              0  7  0   3 7 0
О©╫О©╫О©╫О©╫О©╫О©╫О©╫О©╫ О©╫О©╫О©╫О©╫О©╫О©╫О©╫                        0  7  0   3 7 0
О©╫О©╫О©╫О©╫О©╫О©╫О©╫О©╫О©╫О©╫О©╫О©╫О©╫О©╫ *                        0  7  0   3 20 0
О©╫О©╫О©╫О©╫О©╫О©╫О©╫О©╫ О©╫О©╫О©╫О©╫                           0  7  0   4 10 0
О©╫О©╫О©╫О©╫О©╫О©╫О©╫О©╫ О©╫О©╫О©╫О©╫О©╫                          0  7  0   4 12 0
О©╫О©╫О©╫О©╫О©╫О©╫О©╫ *                               0  7  0   4 12 0
О©╫О©╫О©╫О©╫О©╫О©╫О©╫О©╫О©╫О©╫О©╫О©╫О©╫О©╫ *                        0  7  0   4 18 0
О©╫О©╫О©╫О©╫О©╫О©╫О©╫ *                               0  7  0   4 26 0
О©╫О©╫О©╫О©╫О©╫О©╫О©╫О©╫О©╫О©╫ О©╫О©╫О©╫О©╫О©╫О©╫О©╫                      0  7  0   5 17 -75
О©╫О©╫О©╫О©╫О©╫О©╫О©╫ *                               0  7  0   5 14 0
О©╫О©╫О©╫О©╫О©╫О©╫ О©╫О©╫О©╫О©╫О©╫                            0  7  2   5 16 0
О©╫О©╫О©╫О©╫О©╫О©╫О©╫О©╫О©╫О©╫ О©╫О©╫О©╫О©╫О©╫О©╫О©╫О©╫О©╫О©╫                   0  7  0   6 18 -20
О©╫О©╫О©╫О©╫О©╫О©╫О©╫О©╫О©╫ О©╫О©╫О©╫О©╫О©╫О©╫О©╫                       0  7  0   6 18 0
О©╫О©╫О©╫О©╫О©╫О©╫ О©╫О©╫О©╫О©╫О©╫                            0  7  0   6 24 0
О©╫О©╫О©╫О©╫О©╫О©╫ *                                0  7  0   6 26 0
О©╫О©╫О©╫О©╫О©╫О©╫О©╫О©╫ О©╫О©╫О©╫О©╫О©╫О©╫О©╫О©╫                       0  7  4   7 24 0
О©╫О©╫О©╫О©╫О©╫О©╫О©╫О©╫О©╫ О©╫О©╫О©╫О©╫О©╫О©╫                        0  7  0   7 22 0
О©╫О©╫О©╫О©╫О©╫О©╫О©╫О©╫О©╫ О©╫О©╫О©╫О©╫                          0  7  0   7 22 0
О©╫О©╫О©╫О©╫О©╫О©╫О©╫О©╫О©╫ О©╫О©╫О©╫О©╫О©╫                         0  7  0   7 24 0
О©╫О©╫О©╫О©╫О©╫О©╫О©╫О©╫О©╫ О©╫О©╫О©╫О©╫О©╫О©╫О©╫                       0  7  0   7 28 0
О©╫О©╫О©╫О©╫О©╫О©╫О©╫О©╫О©╫ О©╫О©╫О©╫О©╫О©╫О©╫О©╫О©╫О©╫О©╫О©╫                   0  7  0   7 22 0
О©╫О©╫О©╫О©╫О©╫ О©╫О©╫О©╫О©╫О©╫О©╫О©╫О©╫О©╫О©╫О©╫                       0  7  0   7 26 0
О©╫О©╫О©╫О©╫О©╫О©╫О©╫О©╫О©╫О©╫ О©╫О©╫О©╫                          0  7  0   7 25 0
О©╫О©╫О©╫О©╫О©╫О©╫О©╫ О©╫О©╫О©╫О©╫О©╫О©╫                          0  7  0   7 27 0
О©╫О©╫О©╫О©╫О©╫О©╫О©╫О©╫ О©╫О©╫О©╫О©╫О©╫                          0  7  0   7 28 0
О©╫О©╫О©╫О©╫О©╫ О©╫О©╫О©╫О©╫                              0  7  0   7 25 0
О©╫О©╫О©╫О©╫О©╫О©╫ О©╫О©╫О©╫О©╫                             0  7  0   7 25 0
О©╫О©╫О©╫О©╫О©╫О©╫О©╫О©╫О©╫О©╫ О©╫О©╫О©╫О©╫                         0  7  0   7 26 0
О©╫О©╫О©╫О©╫О©╫О©╫О©╫ О©╫О©╫О©╫О©╫                            0  7  0   8 25 0
О©╫О©╫О©╫О©╫О©╫О©╫О©╫О©╫ О©╫О©╫О©╫О©╫                           0  7  0   8 25 0
О©╫О©╫О©╫О©╫О©╫О©╫О©╫О©╫О©╫ О©╫О©╫О©╫О©╫                          0  7  0   8 25 0
О©╫О©╫О©╫О©╫О©╫О©╫ О©╫О©╫О©╫О©╫О©╫О©╫                           0  7  0   8 25 0
О©╫О©╫О©╫О©╫О©╫О©╫О©╫ О©╫О©╫О©╫О©╫                            0  7  0   8 25 0
О©╫О©╫О©╫О©╫О©╫О©╫О©╫О©╫О©╫ О©╫О©╫О©╫О©╫О©╫О©╫О©╫О©╫О©╫О©╫О©╫О©╫О©╫О©╫                0  7  0   8 26 0
О©╫О©╫О©╫О©╫О©╫-О©╫О©╫О©╫О©╫О©╫О©╫О©╫О©╫О©╫ *                       0  7  0   8 26 0
О©╫О©╫О©╫О©╫О©╫О©╫О©╫О©╫О©╫ О©╫О©╫О©╫О©╫О©╫О©╫О©╫О©╫О©╫                     0  7  0   8 27 0
О©╫О©╫О©╫О©╫О©╫О©╫О©╫ О©╫О©╫О©╫                             0  7  0   9 28 0
О©╫О©╫О©╫О©╫О©╫О©╫ О©╫О©╫О©╫О©╫О©╫                            0  7  1   9 29 0
О©╫О©╫О©╫О©╫О©╫О©╫О©╫О©╫ О©╫О©╫О©╫О©╫О©╫О©╫О©╫О©╫О©╫О©╫                     0  7  4   9 29 -10

;О©╫О©╫О©╫О©╫О©╫О©╫ (О©╫О©╫О©╫О©╫О©╫О©╫О©╫О©╫О©╫О©╫О©╫О©╫)
О©╫О©╫О©╫О©╫О©╫О©╫О©╫О©╫О©╫О©╫О©╫ О©╫О©╫О©╫О©╫О©╫О©╫О©╫О©╫О©╫О©╫О©╫О©╫                0  8  0   1 1 0
О©╫О©╫О©╫О©╫О©╫О©╫О©╫О©╫О©╫О©╫ О©╫О©╫О©╫О©╫О©╫О©╫                       0  8  0   1 1 0
О©╫О©╫О©╫О©╫О©╫О©╫О©╫ О©╫О©╫О©╫О©╫                            0  8  0   1 1 0
О©╫О©╫О©╫О©╫О©╫О©╫О©╫О©╫ *                              0  8  0   1 5 0
О©╫О©╫О©╫О©╫О©╫О©╫О©╫О©╫О©╫О©╫О©╫ О©╫О©╫О©╫О©╫О©╫                       0  8  0   2 20 0
О©╫О©╫О©╫О©╫О©╫О©╫ *                                0  8  0   2 4 0
О©╫О©╫О©╫О©╫О©╫О©╫О©╫О©╫О©╫ *                             0  8  0   2 4 0
О©╫О©╫О©╫О©╫О©╫О©╫О©╫О©╫О©╫О©╫О©╫О©╫О©╫ *                         0  8  0   2 5 0
О©╫О©╫О©╫О©╫ *                                  0  8  0   2 6 0
О©╫О©╫О©╫О©╫О©╫О©╫О©╫О©╫О©╫О©╫О©╫О©╫О©╫О©╫ *                        0  8  0   3 7 0
О©╫О©╫О©╫О©╫О©╫О©╫О©╫ О©╫О©╫О©╫О©╫О©╫О©╫О©╫О©╫О©╫О©╫О©╫О©╫О©╫                   0  8  0   3 7 0
О©╫О©╫О©╫О©╫О©╫О©╫О©╫ О©╫О©╫О©╫О©╫                            0  8  0   3 7 0
О©╫О©╫О©╫О©╫О©╫О©╫О©╫О©╫ О©╫О©╫О©╫О©╫                           0  8  0   3 9 0
О©╫О©╫О©╫О©╫О©╫ *                                 0  8  0   3 10 0
О©╫О©╫О©╫О©╫О©╫О©╫О©╫О©╫О©╫О©╫О©╫О©╫О©╫О©╫ *                        0  8  0   3 10 0
О©╫О©╫О©╫О©╫О©╫О©╫О©╫О©╫О©╫ *                             0  8  0   4 20 0
О©╫О©╫О©╫О©╫О©╫О©╫О©╫О©╫О©╫ О©╫О©╫О©╫О©╫О©╫	                        0  8  0   4 13 0
О©╫О©╫О©╫О©╫О©╫О©╫О©╫О©╫ О©╫О©╫О©╫О©╫О©╫                          0  8  0   4 12 0
О©╫О©╫О©╫О©╫О©╫О©╫ О©╫О©╫О©╫О©╫О©╫                            0  8  0   4 15 0
О©╫О©╫О©╫О©╫О©╫О©╫О©╫О©╫О©╫ *                             0  8  0   4 20 0
О©╫О©╫О©╫О©╫О©╫О©╫О©╫ О©╫О©╫О©╫                             0  8  0   4 12 0
О©╫О©╫О©╫О©╫О©╫О©╫О©╫ *                               0  8  0   4 15 0
О©╫О©╫О©╫О©╫О©╫О©╫О©╫ О©╫О©╫О©╫О©╫О©╫О©╫О©╫О©╫О©╫О©╫О©╫О©╫О©╫О©╫                  0  8  0   5 15 0
О©╫О©╫О©╫О©╫ *                                  0  8  0   5 15 0
О©╫О©╫О©╫О©╫О©╫О©╫О©╫О©╫ О©╫О©╫О©╫О©╫О©╫                          0  8  0   5 15 0
О©╫О©╫О©╫О©╫О©╫О©╫О©╫О©╫ О©╫О©╫О©╫О©╫                           0  8  0   5 20 0
О©╫О©╫О©╫О©╫О©╫ О©╫О©╫О©╫О©╫                              0  8  0   5 17 -30
О©╫О©╫О©╫О©╫О©╫О©╫О©╫О©╫О©╫ О©╫О©╫О©╫О©╫О©╫О©╫О©╫О©╫О©╫О©╫О©╫О©╫О©╫О©╫                0  8  0   5 22 0
О©╫О©╫ *                                    0  8  0   5 18 0
О©╫О©╫О©╫О©╫О©╫ О©╫О©╫О©╫О©╫О©╫О©╫О©╫О©╫О©╫О©╫                        0  8  0   5 20 0
О©╫О©╫О©╫О©╫О©╫О©╫О©╫О©╫О©╫ О©╫О©╫О©╫О©╫О©╫О©╫О©╫                       0  8  0   6 18 0
О©╫О©╫О©╫О©╫О©╫О©╫О©╫О©╫ О©╫О©╫О©╫О©╫О©╫                          0  8  0   6 18 0
О©╫О©╫О©╫О©╫О©╫О©╫О©╫О©╫ О©╫О©╫О©╫О©╫О©╫О©╫О©╫О©╫О©╫                      0  8  0   7 22 0
О©╫О©╫О©╫О©╫О©╫О©╫ О©╫О©╫О©╫О©╫О©╫                            0  8  0   7 24 0
О©╫О©╫О©╫О©╫О©╫О©╫ О©╫О©╫О©╫О©╫                             0  8  0   7 25 0
О©╫О©╫О©╫О©╫О©╫ О©╫О©╫О©╫О©╫                              0  8  0   7 25 0
О©╫О©╫О©╫О©╫О©╫О©╫О©╫О©╫О©╫ О©╫О©╫О©╫О©╫О©╫О©╫О©╫О©╫О©╫                     0  8  0   7 26 0
О©╫О©╫О©╫О©╫О©╫О©╫О©╫ О©╫О©╫О©╫О©╫                            0  8  0   7 24 0
О©╫О©╫О©╫О©╫О©╫О©╫О©╫О©╫О©╫О©╫О©╫О©╫О©╫ *                         0  8  0   8 26 0
О©╫О©╫О©╫О©╫О©╫О©╫О©╫О©╫ О©╫О©╫О©╫О©╫О©╫О©╫О©╫                        0  8  0   8 26 0
О©╫О©╫О©╫О©╫О©╫О©╫О©╫О©╫О©╫О©╫О©╫ О©╫О©╫О©╫О©╫О©╫О©╫                      0  8  0   8 29 0
О©╫О©╫О©╫О©╫О©╫О©╫О©╫О©╫ О©╫О©╫О©╫О©╫О©╫О©╫О©╫О©╫О©╫                      0  8  6   9 29 0
О©╫О©╫О©╫О©╫ О©╫О©╫О©╫                                0  8  0   9 29 0
О©╫О©╫О©╫О©╫О©╫О©╫О©╫О©╫ О©╫О©╫О©╫О©╫О©╫                          0  8  0   8 26 0
;О©╫О©╫О©╫О©╫О©╫О©╫ (О©╫О©╫О©╫О©╫О©╫О©╫)
О©╫О©╫О©╫О©╫О©╫О©╫О©╫О©╫ *                              0  9  0   1 8 0
О©╫О©╫О©╫О©╫О©╫О©╫ О©╫О©╫                               0  9  0   1 8 0
О©╫О©╫О©╫О©╫О©╫О©╫О©╫О©╫О©╫О©╫ *                            0  9  0   1 8 0
О©╫О©╫О©╫О©╫О©╫О©╫О©╫О©╫О©╫ *                             0  9  0   1 8 0
О©╫О©╫О©╫О©╫О©╫О©╫О©╫ О©╫О©╫                              0  9  0   1 10 0
О©╫О©╫О©╫О©╫О©╫О©╫О©╫О©╫ *                              0  9  0   2 14 0
О©╫О©╫О©╫О©╫О©╫О©╫О©╫ *                               0  9  0   2 14 0
О©╫О©╫О©╫О©╫О©╫ *                                 0  9  0   2 14 0
О©╫О©╫О©╫О©╫О©╫О©╫О©╫ О©╫О©╫О©╫О©╫О©╫О©╫О©╫О©╫О©╫О©╫О©╫О©╫О©╫О©╫                  0  9  0   2 14 0
О©╫О©╫О©╫О©╫О©╫ О©╫О©╫О©╫О©╫О©╫О©╫О©╫О©╫                          0  9  0   2 16 0
О©╫О©╫О©╫О©╫О©╫О©╫О©╫О©╫О©╫ О©╫О©╫О©╫О©╫О©╫О©╫О©╫О©╫                      0  9  0   3 18 0
О©╫О©╫О©╫О©╫О©╫О©╫О©╫О©╫О©╫ *                             0  9  0   3 19 0
О©╫О©╫О©╫О©╫О©╫О©╫О©╫О©╫О©╫ *                             0  9  0   3 20 0
О©╫О©╫О©╫О©╫О©╫О©╫О©╫ *                               0  9  0   3 21 0
О©╫О©╫О©╫О©╫О©╫О©╫О©╫О©╫О©╫О©╫О©╫О©╫О©╫О©╫ *                        0  9  0   3 20 0
О©╫О©╫О©╫О©╫О©╫О©╫О©╫О©╫О©╫ О©╫О©╫О©╫О©╫О©╫О©╫О©╫О©╫О©╫                     0  9  0   4 23 0
О©╫О©╫О©╫О©╫О©╫О©╫О©╫О©╫ О©╫О©╫О©╫О©╫О©╫О©╫О©╫О©╫О©╫                      0  9  0   4 20 0
О©╫О©╫О©╫О©╫О©╫О©╫О©╫О©╫ О©╫О©╫О©╫О©╫О©╫О©╫О©╫О©╫                       0  9  2   4 26 0
О©╫О©╫О©╫О©╫О©╫О©╫О©╫О©╫О©╫О©╫ О©╫О©╫О©╫О©╫О©╫О©╫О©╫   	                0  9  0   4 26 0
О©╫О©╫О©╫О©╫.О©╫О©╫О©╫О©╫ О©╫О©╫                            0  9  0   4 26 0
;О©╫О©╫О©╫О©╫О©╫О©╫ (О©╫О©╫О©╫О©╫О©╫)
О©╫О©╫О©╫О©╫О©╫О©╫О©╫ О©╫О©╫О©╫О©╫                            0  12  0   1 8 0
О©╫О©╫О©╫О©╫О©╫О©╫О©╫О©╫ *                              0  12  0   1 5 0
О©╫О©╫О©╫О©╫О©╫О©╫О©╫О©╫О©╫ *                             0  12  0   1 6 0
О©╫О©╫О©╫О©╫ *                                  0  12  0   1 18 0
О©╫О©╫О©╫О©╫О©╫О©╫О©╫О©╫О©╫ *                             0  12  0   2 12 0
О©╫О©╫О©╫О©╫О©╫О©╫О©╫ О©╫О©╫О©╫О©╫О©╫                           0  12  0   2 12 0
О©╫О©╫О©╫О©╫О©╫О©╫ *                                0  12  0   2 15 0
О©╫О©╫О©╫О©╫О©╫О©╫О©╫О©╫О©╫О©╫ *                            0  12  0   2 18 0
О©╫О©╫О©╫О©╫О©╫О©╫О©╫О©╫О©╫О©╫О©╫О©╫О©╫О©╫ *                        0  12  0   3 18 0
О©╫О©╫О©╫О©╫О©╫О©╫О©╫О©╫О©╫О©╫О©╫ О©╫О©╫О©╫О©╫О©╫О©╫О©╫О©╫О©╫                   0  12  0   3 17 0
О©╫О©╫О©╫О©╫О©╫ О©╫О©╫О©╫О©╫О©╫О©╫О©╫О©╫                          0  12  0   2 19 0
О©╫О©╫О©╫О©╫О©╫О©╫О©╫О©╫ О©╫О©╫О©╫О©╫                           0  12  0   3 20 0
О©╫О©╫О©╫О©╫О©╫О©╫О©╫О©╫О©╫ О©╫О©╫О©╫О©╫О©╫О©╫О©╫                       0  12  0   3 20 0
О©╫О©╫О©╫О©╫О©╫О©╫О©╫ *                               0  12  0   3 20 0
О©╫О©╫О©╫О©╫О©╫О©╫О©╫О©╫О©╫О©╫ О©╫О©╫О©╫О©╫О©╫О©╫О©╫О©╫О©╫О©╫                   0  12  0   4 24 0
О©╫О©╫О©╫О©╫О©╫О©╫О©╫ *                               0  12  0   4 25 0
О©╫О©╫О©╫О©╫О©╫О©╫О©╫О©╫О©╫ О©╫О©╫О©╫О©╫О©╫О©╫О©╫О©╫О©╫О©╫О©╫О©╫О©╫О©╫                0  12  0   4 25 0
О©╫О©╫О©╫О©╫О©╫О©╫О©╫О©╫О©╫ О©╫О©╫О©╫О©╫О©╫О©╫О©╫О©╫О©╫О©╫О©╫О©╫О©╫О©╫                0  12  0   4 25 0
О©╫О©╫О©╫О©╫О©╫О©╫О©╫О©╫О©╫ О©╫О©╫О©╫О©╫О©╫О©╫О©╫                       0  12  0   4 25 0
О©╫О©╫О©╫О©╫О©╫О©╫О©╫О©╫О©╫ О©╫О©╫О©╫О©╫О©╫О©╫О©╫О©╫О©╫О©╫О©╫О©╫О©╫                 0  12  0   4 25 0
О©╫О©╫О©╫О©╫О©╫О©╫О©╫О©╫О©╫ О©╫О©╫О©╫О©╫О©╫О©╫                        0  12  0   4 26 0
О©╫О©╫О©╫О©╫О©╫ О©╫О©╫О©╫О©╫О©╫О©╫О©╫                           0  12  0   4 26 0
О©╫О©╫О©╫О©╫ О©╫О©╫О©╫О©╫О©╫О©╫                             0  12  0   4 28 0
;О©╫О©╫О©╫О©╫О©╫О©╫О©╫ (О©╫О©╫О©╫О©╫О©╫О©╫)
О©╫О©╫О©╫О©╫О©╫О©╫О©╫ О©╫О©╫О©╫О©╫                            0  0  0   1 1 0
О©╫О©╫О©╫О©╫О©╫О©╫О©╫ О©╫О©╫О©╫О©╫                            0  0  0   1 1 0
О©╫О©╫О©╫О©╫О©╫О©╫ О©╫О©╫О©╫О©╫О©╫О©╫О©╫О©╫О©╫                        0  0  0   1 1 0
О©╫О©╫О©╫О©╫О©╫О©╫О©╫О©╫О©╫О©╫О©╫ О©╫О©╫О©╫О©╫О©╫О©╫О©╫О©╫О©╫О©╫О©╫О©╫                0  0  0   1 1 0
О©╫О©╫О©╫О©╫О©╫О©╫О©╫О©╫О©╫О©╫О©╫ О©╫О©╫О©╫                         0  0  0   1 1 0
О©╫О©╫О©╫О©╫О©╫О©╫О©╫ О©╫О©╫О©╫О©╫                            0  0  0   1 1 0
О©╫О©╫О©╫О©╫О©╫О©╫ О©╫О©╫О©╫О©╫                             0  0  0   1 1 0
О©╫О©╫О©╫О©╫О©╫О©╫О©╫О©╫ *                              0  0  0   2 4 0
О©╫О©╫О©╫О©╫О©╫О©╫О©╫ *                               0  0  0   2 5 0 
О©╫О©╫О©╫О©╫О©╫О©╫О©╫О©╫ О©╫О©╫О©╫О©╫О©╫О©╫О©╫                        0  0  0   2 5 0
О©╫О©╫О©╫О©╫О©╫О©╫О©╫О©╫О©╫ *                             0  0  0   2 4 0
О©╫О©╫О©╫О©╫О©╫ О©╫О©╫О©╫О©╫О©╫О©╫О©╫О©╫О©╫                         0  0  0   2 5 0
О©╫О©╫О©╫О©╫О©╫О©╫О©╫ О©╫О©╫                              0  0  0   2 5 0
О©╫О©╫О©╫О©╫О©╫О©╫О©╫О©╫О©╫ О©╫О©╫О©╫                           0  0  0   3 7 0
О©╫О©╫О©╫О©╫О©╫О©╫О©╫О©╫О©╫ О©╫О©╫О©╫О©╫О©╫О©╫О©╫О©╫О©╫                     0  0  0   3 7 0
О©╫О©╫О©╫О©╫О©╫О©╫О©╫О©╫О©╫ О©╫О©╫О©╫О©╫                          0  0  0   3 7 0
О©╫О©╫О©╫О©╫О©╫О©╫О©╫О©╫ О©╫О©╫О©╫О©╫О©╫О©╫О©╫О©╫О©╫                      0  0  0   3 10 0 
О©╫О©╫О©╫О©╫О©╫О©╫О©╫О©╫О©╫ *                             0  0  0   3 12 0
О©╫О©╫О©╫О©╫О©╫О©╫О©╫О©╫О©╫О©╫О©╫О©╫О©╫О©╫ О©╫О©╫О©╫О©╫                     0  0  0   3 15 0
О©╫О©╫О©╫О©╫О©╫О©╫ О©╫О©╫О©╫О©╫О©╫                            0  0  0   3 15 0
О©╫О©╫О©╫О©╫О©╫О©╫О©╫О©╫О©╫О©╫О©╫О©╫О©╫О©╫О©╫ *                       0  0  0   4 10 0
О©╫О©╫О©╫О©╫О©╫ *                                 0  0  0   4 10 0
О©╫О©╫О©╫О©╫О©╫О©╫О©╫О©╫ О©╫О©╫О©╫О©╫О©╫                          0  0  0   4 10 0
О©╫О©╫О©╫О©╫О©╫О©╫ О©╫О©╫О©╫О©╫О©╫О©╫О©╫                          0  0  0   4 10 0
О©╫О©╫О©╫О©╫О©╫ О©╫О©╫О©╫О©╫О©╫О©╫О©╫О©╫О©╫О©╫                        0  0  0   4 10 0
О©╫О©╫О©╫О©╫О©╫ О©╫О©╫О©╫О©╫О©╫О©╫О©╫О©╫                          0  0  0   4 10 0
О©╫О©╫О©╫О©╫О©╫О©╫ О©╫О©╫О©╫О©╫О©╫                            0  0  0   5 15 0
О©╫О©╫О©╫О©╫О©╫О©╫О©╫О©╫О©╫О©╫О©╫ О©╫О©╫О©╫О©╫О©╫О©╫О©╫О©╫О©╫                   0  0  0   5 15 0
О©╫О©╫О©╫О©╫О©╫О©╫О©╫О©╫О©╫О©╫О©╫ О©╫О©╫О©╫О©╫                        0  0  0   5 15 0
О©╫О©╫О©╫О©╫О©╫О©╫О©╫ О©╫О©╫О©╫                             0  0  0   5 14 0
О©╫О©╫О©╫О©╫О©╫ О©╫О©╫О©╫О©╫О©╫О©╫О©╫                           0  0  0   5 14 0
О©╫О©╫О©╫О©╫О©╫ О©╫О©╫О©╫О©╫О©╫О©╫О©╫О©╫                          0  0  0   5 18 0
О©╫О©╫О©╫О©╫О©╫О©╫О©╫ О©╫О©╫О©╫О©╫О©╫О©╫О©╫О©╫О©╫О©╫О©╫О©╫О©╫О©╫                  0  0  0   5 15 0
О©╫О©╫О©╫О©╫ *                                  0  0  0   6 18 0
О©╫О©╫О©╫О©╫О©╫О©╫ *                                0  0  0   6 18 0
О©╫О©╫О©╫ *                                   0  0  0   6 18 0
О©╫О©╫О©╫О©╫О©╫О©╫О©╫О©╫О©╫ *                             0  0  0   6 20 0
О©╫О©╫О©╫О©╫О©╫О©╫О©╫О©╫ *                              0  0  2   6 28 0
О©╫О©╫О©╫О©╫О©╫О©╫О©╫О©╫ О©╫О©╫О©╫О©╫О©╫О©╫О©╫                        0  0  1   7 22 0
О©╫О©╫О©╫О©╫О©╫О©╫О©╫О©╫ О©╫О©╫О©╫О©╫О©╫О©╫О©╫О©╫О©╫                      0  0  0   7 22 0
О©╫О©╫О©╫О©╫О©╫О©╫О©╫О©╫О©╫ О©╫О©╫О©╫О©╫О©╫О©╫О©╫О©╫                      0  0  0   7 22 0
О©╫О©╫О©╫О©╫О©╫ О©╫О©╫О©╫О©╫О©╫О©╫О©╫О©╫О©╫О©╫О©╫О©╫О©╫О©╫                    0  0  0   7 24 0
О©╫О©╫О©╫О©╫О©╫ О©╫О©╫О©╫О©╫                              0  0  0   7 25 0
О©╫О©╫О©╫О©╫О©╫О©╫О©╫ О©╫О©╫О©╫О©╫О©╫О©╫                          0  0  0   7 27 0
О©╫О©╫О©╫О©╫О©╫О©╫ О©╫О©╫О©╫О©╫О©╫                            0  0  0   7 24 0
О©╫О©╫О©╫О©╫О©╫О©╫О©╫О©╫ О©╫О©╫О©╫О©╫О©╫                          0  0  0   7 26 0
О©╫О©╫О©╫О©╫О©╫О©╫О©╫О©╫О©╫ О©╫О©╫О©╫О©╫О©╫О©╫О©╫                       0  0  0   7 26 0
О©╫О©╫О©╫О©╫О©╫О©╫О©╫О©╫О©╫ О©╫О©╫О©╫О©╫О©╫О©╫О©╫О©╫О©╫                     0  0  0   8 28 0
О©╫О©╫О©╫О©╫О©╫О©╫ О©╫О©╫О©╫О©╫О©╫                            0  0  1   8 29 0
;О©╫О©╫О©╫О©╫О©╫О©╫О©╫ (О©╫О©╫О©╫О©╫О©╫О©╫)
О©╫О©╫О©╫О©╫О©╫О©╫О©╫О©╫ О©╫О©╫О©╫О©╫О©╫О©╫                         0  1  0   1 1 0
О©╫О©╫О©╫О©╫О©╫О©╫О©╫О©╫О©╫О©╫О©╫ О©╫О©╫О©╫О©╫О©╫                       0  1  0   1 1 0
О©╫О©╫О©╫О©╫О©╫О©╫О©╫ О©╫О©╫О©╫О©╫                            0  1  0   1 1 0
О©╫О©╫О©╫О©╫О©╫О©╫О©╫ О©╫О©╫О©╫О©╫                            0  1  0   1 1 0
О©╫О©╫О©╫О©╫О©╫О©╫ О©╫О©╫О©╫О©╫О©╫О©╫О©╫О©╫О©╫                        0  1  0   1 4 0
О©╫О©╫О©╫О©╫О©╫О©╫О©╫О©╫О©╫О©╫О©╫ *                           0  1  0   1 5 0
О©╫О©╫О©╫О©╫О©╫О©╫О©╫О©╫О©╫О©╫ О©╫О©╫О©╫О©╫О©╫О©╫                       0  1  0   2 4 -10
О©╫О©╫О©╫О©╫О©╫О©╫ *                                0  1  0   2 4 0
О©╫О©╫О©╫О©╫ *                                  0  1  0   2 4 0
О©╫О©╫О©╫О©╫ О©╫О©╫О©╫О©╫О©╫О©╫О©╫                            0  1  0   2 13 0
О©╫О©╫О©╫О©╫О©╫О©╫ *                                0  1  0   3 7 -40
О©╫О©╫О©╫О©╫О©╫ *                                 0  1  0   3 7 0
О©╫О©╫О©╫О©╫О©╫О©╫О©╫О©╫ *                              0  1  0   3 7 0
О©╫О©╫О©╫О©╫О©╫ О©╫О©╫О©╫О©╫                              0  1  0   3 7 -40
О©╫О©╫О©╫О©╫О©╫О©╫О©╫О©╫ О©╫О©╫О©╫О©╫О©╫                          0  1  0   3 10 0
О©╫О©╫О©╫О©╫О©╫ О©╫О©╫О©╫О©╫                              0  1  6   3 12 0
О©╫О©╫О©╫О©╫О©╫О©╫О©╫О©╫ О©╫О©╫О©╫О©╫О©╫                          0  1  0   4 12 -50
О©╫О©╫О©╫О©╫О©╫О©╫О©╫ *                               0  1  0   4 10 -45
О©╫О©╫О©╫О©╫О©╫О©╫ *                                0  1  0   4 26 0
О©╫О©╫О©╫О©╫О©╫О©╫О©╫ О©╫О©╫О©╫О©╫О©╫О©╫                          0  1  0   4 10 -50
О©╫О©╫О©╫О©╫О©╫О©╫О©╫О©╫ О©╫О©╫О©╫О©╫О©╫О©╫                         0  1  0   4 12 0
О©╫О©╫О©╫О©╫О©╫О©╫ О©╫О©╫О©╫О©╫О©╫                            0  1  0   4 15 0
О©╫О©╫О©╫О©╫О©╫О©╫О©╫ О©╫О©╫О©╫О©╫О©╫О©╫                          0  1  0   5 14 -65
О©╫О©╫О©╫О©╫О©╫О©╫О©╫О©╫О©╫О©╫ *                            0  1  0   5 20 0
О©╫О©╫О©╫О©╫О©╫О©╫О©╫О©╫О©╫О©╫ *                            0  1  0   5 14 30
О©╫О©╫О©╫О©╫О©╫О©╫О©╫ О©╫О©╫О©╫О©╫О©╫                           0  1  0   5 14 -65
О©╫О©╫О©╫О©╫О©╫О©╫О©╫О©╫ О©╫О©╫О©╫О©╫О©╫                          0  1  0   6 18 0
О©╫О©╫О©╫О©╫ О©╫О©╫О©╫О©╫О©╫О©╫                             0  1  0   6 18 -65
О©╫О©╫О©╫О©╫О©╫О©╫О©╫О©╫О©╫О©╫О©╫О©╫ *                          0  1  0   6 20 0
О©╫О©╫О©╫О©╫О©╫О©╫О©╫О©╫О©╫ О©╫О©╫О©╫О©╫О©╫О©╫О©╫                       0  1  0   6 20 0
О©╫О©╫О©╫О©╫О©╫ *                                 0  1  2   6 23 -70
О©╫О©╫О©╫О©╫О©╫О©╫О©╫О©╫О©╫ О©╫О©╫О©╫О©╫О©╫О©╫                        0  1  0   7 25 -80
О©╫О©╫О©╫О©╫О©╫О©╫ О©╫О©╫О©╫О©╫О©╫                            0  1  0   7 24 0
О©╫О©╫О©╫О©╫О©╫О©╫О©╫О©╫ О©╫О©╫О©╫                            0  1  0   7 25 -80
О©╫О©╫О©╫О©╫О©╫О©╫О©╫О©╫О©╫О©╫О©╫ О©╫О©╫О©╫О©╫О©╫                       0  1  0   7 25 -75
О©╫О©╫О©╫О©╫О©╫О©╫О©╫О©╫О©╫О©╫ О©╫О©╫О©╫О©╫                         0  1  0   7 26 0
О©╫О©╫О©╫О©╫О©╫О©╫О©╫ *                               0  1  0   7 22 0
О©╫О©╫О©╫О©╫О©╫ *                                 0  1  0   8 25 -80
О©╫О©╫О©╫О©╫О©╫О©╫О©╫ О©╫О©╫О©╫О©╫О©╫                           0  1  0   8 26 0
О©╫О©╫О©╫О©╫О©╫О©╫О©╫ *                               0  1  0   8 26 0
О©╫О©╫О©╫О©╫ О©╫О©╫О©╫О©╫О©╫                              0  1  2   8 26 -55
О©╫О©╫О©╫О©╫О©╫О©╫О©╫О©╫ О©╫О©╫О©╫                            0  1  0   9 29 0
О©╫О©╫О©╫ О©╫О©╫О©╫О©╫О©╫                               0  1  2   9 28 -45
О©╫О©╫О©╫О©╫О©╫О©╫О©╫О©╫О©╫О©╫О©╫ О©╫О©╫О©╫О©╫О©╫О©╫                      0  1  2   9 29 0
О©╫О©╫О©╫О©╫ О©╫О©╫О©╫О©╫О©╫О©╫О©╫                            0  1  6   9 29 0
О©╫О©╫О©╫О©╫О©╫О©╫О©╫О©╫ *                              0  1  3   9 29 0
О©╫О©╫О©╫О©╫ О©╫О©╫О©╫О©╫О©╫О©╫О©╫О©╫                           0  1  2   9 29 0
;О©╫О©╫О©╫О©╫О©╫О©╫О©╫ (О©╫О©╫О©╫О©╫О©╫О©╫О©╫О©╫)
О©╫О©╫О©╫О©╫О©╫О©╫О©╫О©╫О©╫О©╫О©╫ О©╫О©╫О©╫О©╫О©╫                       0  6  0   1 1 0
О©╫О©╫О©╫О©╫О©╫О©╫О©╫О©╫О©╫О©╫ О©╫О©╫О©╫О©╫О©╫О©╫                       0  6  0   1 1 0
О©╫О©╫О©╫О©╫О©╫О©╫О©╫ О©╫О©╫О©╫О©╫                            0  6  0   1 1 0
О©╫О©╫О©╫О©╫О©╫О©╫О©╫О©╫О©╫О©╫О©╫ *                           0  6  0   1 3 0
О©╫О©╫О©╫О©╫О©╫О©╫О©╫О©╫О©╫О©╫О©╫ О©╫О©╫О©╫О©╫О©╫                       0  6  0   2 20 0
О©╫О©╫О©╫О©╫О©╫О©╫ *                                0  6  0   2 4 0
О©╫О©╫О©╫О©╫О©╫О©╫ О©╫О©╫О©╫О©╫О©╫О©╫О©╫О©╫О©╫                        0  6  0   2 4 0
О©╫О©╫О©╫О©╫ *                                  0  6  0   2 4 0
О©╫О©╫О©╫О©╫О©╫О©╫О©╫О©╫О©╫О©╫О©╫О©╫О©╫ *                         0  6  0   2 4 0
О©╫О©╫О©╫О©╫О©╫О©╫О©╫О©╫О©╫О©╫О©╫О©╫О©╫О©╫ *                        0  6  0   2 25 0
О©╫О©╫О©╫О©╫О©╫О©╫О©╫ О©╫О©╫О©╫О©╫О©╫О©╫О©╫О©╫О©╫О©╫О©╫О©╫О©╫                   0  6  0   3 7 0
О©╫О©╫О©╫ *                                   0  6  0   3 7 0
О©╫О©╫О©╫О©╫О©╫ *                                 0  6  0   3 7 0
О©╫О©╫О©╫О©╫О©╫О©╫О©╫О©╫ *                              0  6  0   3 7 0
;О©╫О©╫О©╫О©╫ *	                                0  6  0   3 7 0
О©╫О©╫О©╫О©╫О©╫О©╫О©╫О©╫ *                              0  6  0   3 10 0
О©╫О©╫О©╫О©╫О©╫О©╫О©╫О©╫О©╫ О©╫О©╫О©╫О©╫О©╫                         0  6  0   4 10 0
О©╫О©╫О©╫О©╫О©╫О©╫О©╫О©╫О©╫О©╫ *                            0  6  0   4 15 0
О©╫О©╫О©╫О©╫О©╫О©╫О©╫О©╫ О©╫О©╫О©╫О©╫О©╫                          0  6  0   4 12 0
О©╫О©╫О©╫О©╫ *                                  0  6  0   5 16 0
О©╫О©╫О©╫О©╫ *                                  0  6  0   5 16 0
О©╫О©╫О©╫О©╫ *                                  0  6  0   5 14 0
О©╫О©╫О©╫О©╫О©╫О©╫О©╫ *                               0  6  0   5 14 0
О©╫О©╫О©╫О©╫О©╫О©╫О©╫О©╫О©╫О©╫ О©╫О©╫О©╫О©╫О©╫О©╫О©╫О©╫                     0  6  0   5 15 0
О©╫О©╫О©╫О©╫О©╫О©╫О©╫О©╫ О©╫О©╫О©╫О©╫                           0  6  0   5 20 0
О©╫О©╫О©╫О©╫О©╫О©╫О©╫О©╫О©╫О©╫ *                            0  6  0   6 20 0
О©╫О©╫О©╫О©╫О©╫О©╫О©╫О©╫О©╫ О©╫О©╫О©╫О©╫                          0  6  0   6 18 0
О©╫О©╫О©╫О©╫О©╫О©╫О©╫О©╫О©╫ О©╫О©╫О©╫О©╫О©╫О©╫О©╫                       0  6  0   6 18 0
О©╫О©╫О©╫О©╫О©╫О©╫О©╫ *                               0  6  0   6 18 0
О©╫О©╫О©╫О©╫О©╫О©╫О©╫О©╫О©╫О©╫ О©╫О©╫О©╫О©╫                         0  6  0   7 26 0
О©╫О©╫О©╫О©╫О©╫О©╫О©╫О©╫О©╫О©╫ О©╫О©╫О©╫                          0  6  0   7 25 0
О©╫О©╫О©╫О©╫О©╫ О©╫О©╫О©╫О©╫О©╫О©╫О©╫О©╫О©╫О©╫О©╫                       0  6  0   7 26 0
О©╫О©╫О©╫О©╫О©╫О©╫О©╫О©╫О©╫ О©╫О©╫О©╫О©╫О©╫О©╫О©╫О©╫О©╫О©╫О©╫                   0  6  0   7 22 0
О©╫О©╫О©╫О©╫О©╫О©╫О©╫О©╫ *                              0  6  2   7 28 0
О©╫О©╫О©╫О©╫О©╫О©╫ О©╫О©╫О©╫О©╫О©╫                            0  6  0   7 24 0
О©╫О©╫О©╫О©╫О©╫О©╫О©╫О©╫О©╫ О©╫О©╫О©╫                           0  6  0   7 24 0
О©╫О©╫О©╫О©╫О©╫О©╫О©╫О©╫О©╫ О©╫О©╫О©╫О©╫О©╫                         0  6  0   7 25 0
О©╫О©╫О©╫О©╫О©╫О©╫О©╫О©╫ О©╫О©╫О©╫О©╫О©╫О©╫О©╫О©╫                       0  6  2   8 26 0 
О©╫О©╫О©╫ О©╫О©╫О©╫О©╫О©╫                               0  6  2   8 26 0 
О©╫О©╫О©╫О©╫О©╫О©╫О©╫О©╫О©╫О©╫ О©╫О©╫О©╫О©╫О©╫О©╫О©╫                      0  6  0   8 25 -50
О©╫О©╫О©╫О©╫О©╫О©╫О©╫О©╫ О©╫О©╫О©╫О©╫О©╫О©╫О©╫О©╫О©╫О©╫О©╫О©╫О©╫О©╫                 0  6  0   8 26 0
О©╫О©╫О©╫О©╫О©╫О©╫О©╫О©╫О©╫О©╫ О©╫О©╫О©╫О©╫                         0  6  0   4 16 0
О©╫О©╫О©╫О©╫О©╫О©╫О©╫О©╫О©╫О©╫ О©╫О©╫О©╫О©╫О©╫О©╫О©╫                      0  6  2   9 28 0
О©╫О©╫О©╫О©╫О©╫О©╫О©╫О©╫ О©╫О©╫О©╫О©╫О©╫	                        0  6  0   9 29 0
О©╫О©╫О©╫О©╫О©╫О©╫О©╫О©╫ О©╫О©╫О©╫О©╫                           0  6  0   9 28 0

;О©╫О©╫О©╫О©╫О©╫О©╫О©╫ (О©╫О©╫О©╫О©╫О©╫О©╫О©╫О©╫О©╫)
О©╫О©╫О©╫О©╫О©╫О©╫ *                                0  7  0   1 1 0
О©╫О©╫О©╫О©╫О©╫О©╫О©╫О©╫О©╫О©╫О©╫ О©╫О©╫О©╫                         0  7  0   1 1 0
О©╫О©╫О©╫О©╫О©╫О©╫О©╫О©╫О©╫О©╫ О©╫О©╫О©╫О©╫О©╫О©╫                       0  7  0   1 1 0
О©╫О©╫О©╫О©╫ *                                  0  7  0   1 1 0
О©╫О©╫О©╫О©╫О©╫О©╫О©╫ О©╫О©╫О©╫О©╫                            0  7  0   1 1 0
О©╫О©╫О©╫О©╫О©╫О©╫ О©╫О©╫                               0  7  0   1 3 0
О©╫О©╫О©╫О©╫О©╫О©╫О©╫О©╫О©╫О©╫О©╫ О©╫О©╫О©╫О©╫О©╫О©╫О©╫О©╫О©╫О©╫О©╫О©╫                0  7  0   2 4 0
О©╫О©╫О©╫О©╫О©╫О©╫ О©╫О©╫О©╫О©╫О©╫О©╫О©╫О©╫О©╫                        0  7  0   2 4 0
О©╫О©╫О©╫О©╫О©╫О©╫О©╫О©╫О©╫О©╫О©╫ О©╫О©╫О©╫О©╫О©╫                       0  7  0   2 4 0
О©╫О©╫О©╫О©╫О©╫О©╫О©╫О©╫О©╫О©╫О©╫ *                           0  7  0   2 5 0
О©╫О©╫О©╫О©╫О©╫О©╫О©╫О©╫О©╫О©╫О©╫О©╫О©╫ *                         0  7  0   2 4 0
О©╫О©╫О©╫О©╫О©╫О©╫О©╫О©╫ *                              0  7  0   2 6 0
О©╫О©╫О©╫О©╫О©╫О©╫О©╫О©╫О©╫О©╫ *                            0  7  0   3 7 -42
О©╫О©╫О©╫О©╫О©╫О©╫О©╫ О©╫О©╫О©╫О©╫О©╫О©╫О©╫О©╫О©╫О©╫О©╫О©╫О©╫                   0  7  0   3 7 0
О©╫О©╫О©╫О©╫О©╫ *                                 0  7  0   3 7 0
О©╫О©╫О©╫О©╫О©╫О©╫О©╫О©╫ *                              0  7  0   3 7 0
О©╫О©╫О©╫О©╫О©╫О©╫О©╫О©╫О©╫О©╫О©╫О©╫О©╫О©╫ *                        0  7  0   3 20 0
О©╫О©╫О©╫О©╫О©╫О©╫О©╫О©╫ О©╫О©╫О©╫О©╫                           0  7  0   4 10 0
О©╫О©╫О©╫О©╫О©╫О©╫О©╫О©╫ О©╫О©╫О©╫О©╫О©╫                          0  7  0   4 12 0
О©╫О©╫О©╫О©╫О©╫О©╫О©╫ *                               0  7  0   4 12 0
О©╫О©╫О©╫О©╫О©╫О©╫О©╫О©╫О©╫О©╫О©╫О©╫О©╫О©╫ *                        0  7  0   4 18 0
О©╫О©╫О©╫О©╫О©╫О©╫О©╫ *                               0  7  0   4 26 0
О©╫О©╫О©╫О©╫О©╫О©╫О©╫О©╫О©╫О©╫ О©╫О©╫О©╫О©╫О©╫О©╫О©╫                      0  7  0   5 17 -75
О©╫О©╫О©╫О©╫О©╫О©╫О©╫ *                               0  7  0   5 14 0
О©╫О©╫О©╫О©╫О©╫О©╫ О©╫О©╫О©╫О©╫О©╫                            0  7  2   5 16 0
О©╫О©╫О©╫О©╫О©╫О©╫О©╫О©╫О©╫О©╫ О©╫О©╫О©╫О©╫О©╫О©╫О©╫О©╫О©╫О©╫                   0  7  0   6 18 -20
О©╫О©╫О©╫О©╫О©╫О©╫О©╫О©╫О©╫ О©╫О©╫О©╫О©╫О©╫О©╫О©╫                       0  7  0   6 18 0
О©╫О©╫О©╫О©╫О©╫О©╫ О©╫О©╫О©╫О©╫О©╫                            0  7  0   6 24 0
О©╫О©╫О©╫О©╫О©╫О©╫ *                                0  7  0   6 26 0
О©╫О©╫О©╫О©╫О©╫О©╫О©╫О©╫ О©╫О©╫О©╫О©╫О©╫О©╫О©╫О©╫                       0  7  4   7 24 0
О©╫О©╫О©╫О©╫О©╫О©╫О©╫О©╫О©╫ О©╫О©╫О©╫О©╫О©╫О©╫                        0  7  0   7 22 0
О©╫О©╫О©╫О©╫О©╫О©╫О©╫О©╫О©╫ О©╫О©╫О©╫О©╫                          0  7  0   7 22 0
О©╫О©╫О©╫О©╫О©╫О©╫О©╫О©╫О©╫ О©╫О©╫О©╫О©╫О©╫                         0  7  0   7 24 0
О©╫О©╫О©╫О©╫О©╫О©╫О©╫О©╫О©╫ О©╫О©╫О©╫О©╫О©╫О©╫О©╫                       0  7  0   7 28 0
О©╫О©╫О©╫О©╫О©╫О©╫О©╫О©╫О©╫ О©╫О©╫О©╫О©╫О©╫О©╫О©╫О©╫О©╫О©╫О©╫                   0  7  0   7 22 0
О©╫О©╫О©╫О©╫О©╫ О©╫О©╫О©╫О©╫О©╫О©╫О©╫О©╫О©╫О©╫О©╫                       0  7  0   7 26 0
О©╫О©╫О©╫О©╫О©╫О©╫О©╫О©╫О©╫О©╫ О©╫О©╫О©╫                          0  7  0   7 25 0
О©╫О©╫О©╫О©╫О©╫О©╫О©╫ О©╫О©╫О©╫О©╫О©╫О©╫                          0  7  0   7 27 0
О©╫О©╫О©╫О©╫О©╫О©╫О©╫О©╫ О©╫О©╫О©╫О©╫О©╫                          0  7  0   7 28 0
О©╫О©╫О©╫О©╫О©╫ О©╫О©╫О©╫О©╫                              0  7  0   7 25 0
О©╫О©╫О©╫О©╫О©╫О©╫ О©╫О©╫О©╫О©╫                             0  7  0   7 25 0
О©╫О©╫О©╫О©╫О©╫О©╫О©╫О©╫О©╫О©╫ О©╫О©╫О©╫О©╫                         0  7  0   7 26 0
О©╫О©╫О©╫О©╫О©╫О©╫О©╫ О©╫О©╫О©╫О©╫                            0  7  0   8 25 0
О©╫О©╫О©╫О©╫О©╫О©╫О©╫О©╫ О©╫О©╫О©╫О©╫                           0  7  0   8 25 0
О©╫О©╫О©╫О©╫О©╫О©╫О©╫О©╫О©╫ О©╫О©╫О©╫О©╫                          0  7  0   8 25 0
О©╫О©╫О©╫О©╫О©╫О©╫ О©╫О©╫О©╫О©╫О©╫О©╫                           0  7  0   8 25 0
О©╫О©╫О©╫О©╫О©╫О©╫О©╫О©╫О©╫ О©╫О©╫О©╫О©╫О©╫О©╫О©╫О©╫О©╫О©╫О©╫О©╫О©╫О©╫                0  7  0   8 26 0
О©╫О©╫О©╫О©╫О©╫О©╫О©╫ О©╫О©╫О©╫О©╫                            0  7  0   8 25 0
О©╫О©╫О©╫О©╫О©╫-О©╫О©╫О©╫О©╫О©╫О©╫О©╫О©╫О©╫ *                       0  7  0   8 26 0
О©╫О©╫О©╫О©╫О©╫О©╫О©╫О©╫О©╫ О©╫О©╫О©╫О©╫О©╫О©╫О©╫О©╫О©╫                     0  7  0   8 27 0
О©╫О©╫О©╫О©╫О©╫О©╫О©╫ О©╫О©╫О©╫                             0  7  0   9 28 0
О©╫О©╫О©╫О©╫О©╫О©╫ О©╫О©╫О©╫О©╫О©╫                            0  7  1   9 29 0
О©╫О©╫О©╫О©╫О©╫О©╫О©╫О©╫ О©╫О©╫О©╫О©╫О©╫О©╫О©╫О©╫О©╫О©╫                     0  7  4   9 29 -10

;О©╫О©╫О©╫О©╫О©╫О©╫О©╫ (О©╫О©╫О©╫О©╫О©╫О©╫О©╫О©╫О©╫О©╫О©╫О©╫)
О©╫О©╫О©╫О©╫О©╫О©╫О©╫О©╫О©╫О©╫О©╫ О©╫О©╫О©╫О©╫О©╫О©╫О©╫О©╫О©╫О©╫О©╫О©╫                0  8  0   1 1 0
О©╫О©╫О©╫О©╫О©╫О©╫О©╫О©╫О©╫О©╫ О©╫О©╫О©╫О©╫О©╫О©╫                       0  8  0   1 1 0
О©╫О©╫О©╫О©╫О©╫О©╫О©╫ О©╫О©╫О©╫О©╫                            0  8  0   1 1 0
О©╫О©╫О©╫О©╫О©╫О©╫О©╫О©╫ *                              0  8  0   1 5 0
О©╫О©╫О©╫О©╫О©╫О©╫О©╫О©╫О©╫О©╫О©╫ О©╫О©╫О©╫О©╫О©╫                       0  8  0   2 20 0
О©╫О©╫О©╫О©╫О©╫О©╫ *                                0  8  0   2 4 0
О©╫О©╫О©╫О©╫О©╫О©╫О©╫О©╫О©╫ *                             0  8  0   2 4 0
О©╫О©╫О©╫О©╫О©╫О©╫О©╫О©╫О©╫О©╫О©╫О©╫О©╫ *                         0  8  0   2 5 0
О©╫О©╫О©╫О©╫ *                                  0  8  0   2 6 0
О©╫О©╫О©╫О©╫О©╫О©╫О©╫О©╫О©╫О©╫О©╫О©╫О©╫О©╫ *                        0  8  0   3 7 0
О©╫О©╫О©╫О©╫О©╫О©╫О©╫ О©╫О©╫О©╫О©╫О©╫О©╫О©╫О©╫О©╫О©╫О©╫О©╫О©╫                   0  8  0   3 7 0
О©╫О©╫О©╫О©╫О©╫О©╫О©╫ О©╫О©╫О©╫О©╫                            0  8  0   3 7 0
О©╫О©╫О©╫О©╫О©╫О©╫О©╫О©╫ О©╫О©╫О©╫О©╫                           0  8  0   3 9 0
О©╫О©╫О©╫О©╫О©╫ *                                 0  8  0   3 10 0
О©╫О©╫О©╫О©╫О©╫О©╫О©╫О©╫О©╫О©╫О©╫О©╫О©╫О©╫ *                        0  8  0   3 10 0
О©╫О©╫О©╫О©╫О©╫О©╫О©╫О©╫О©╫ *                             0  8  0   4 20 0
О©╫О©╫О©╫О©╫О©╫О©╫О©╫О©╫О©╫ О©╫О©╫О©╫О©╫О©╫	                        0  8  0   4 13 0
О©╫О©╫О©╫О©╫О©╫О©╫О©╫О©╫ О©╫О©╫О©╫О©╫О©╫                          0  8  0   4 12 0
О©╫О©╫О©╫О©╫О©╫О©╫ О©╫О©╫О©╫О©╫О©╫                            0  8  0   4 15 0
О©╫О©╫О©╫О©╫О©╫О©╫О©╫О©╫О©╫ *                             0  8  0   4 20 0
О©╫О©╫О©╫О©╫О©╫О©╫О©╫ О©╫О©╫О©╫                             0  8  0   4 12 0
О©╫О©╫О©╫О©╫О©╫О©╫О©╫ *                               0  8  0   4 15 0
О©╫О©╫О©╫О©╫О©╫О©╫О©╫ О©╫О©╫О©╫О©╫О©╫О©╫О©╫О©╫О©╫О©╫О©╫О©╫О©╫О©╫                  0  8  0   5 15 0
О©╫О©╫О©╫О©╫ *                                  0  8  0   5 15 0
О©╫О©╫О©╫О©╫О©╫О©╫О©╫О©╫ О©╫О©╫О©╫О©╫О©╫                          0  8  0   5 15 0
О©╫О©╫О©╫О©╫О©╫О©╫О©╫О©╫ О©╫О©╫О©╫О©╫                           0  8  0   5 20 0
О©╫О©╫О©╫О©╫О©╫ О©╫О©╫О©╫О©╫                              0  8  0   5 17 -30
О©╫О©╫О©╫О©╫О©╫О©╫О©╫О©╫О©╫ О©╫О©╫О©╫О©╫О©╫О©╫О©╫О©╫О©╫О©╫О©╫О©╫О©╫О©╫                0  8  0   5 22 0
О©╫О©╫ *                                    0  8  0   5 18 0
О©╫О©╫О©╫О©╫О©╫ О©╫О©╫О©╫О©╫О©╫О©╫О©╫О©╫О©╫О©╫                        0  8  0   5 20 0
О©╫О©╫О©╫О©╫О©╫О©╫О©╫О©╫О©╫ О©╫О©╫О©╫О©╫О©╫О©╫О©╫                       0  8  0   6 18 0
О©╫О©╫О©╫О©╫О©╫О©╫О©╫О©╫ О©╫О©╫О©╫О©╫О©╫                          0  8  0   6 18 0
О©╫О©╫О©╫О©╫О©╫О©╫О©╫О©╫ О©╫О©╫О©╫О©╫О©╫О©╫О©╫О©╫О©╫                      0  8  0   7 22 0
О©╫О©╫О©╫О©╫О©╫О©╫ О©╫О©╫О©╫О©╫О©╫                            0  8  0   7 24 0
О©╫О©╫О©╫О©╫О©╫О©╫ О©╫О©╫О©╫О©╫                             0  8  0   7 25 0
О©╫О©╫О©╫О©╫О©╫ О©╫О©╫О©╫О©╫                              0  8  0   7 25 0
О©╫О©╫О©╫О©╫О©╫О©╫О©╫О©╫О©╫ О©╫О©╫О©╫О©╫О©╫О©╫О©╫О©╫О©╫                     0  8  0   7 26 0
О©╫О©╫О©╫О©╫О©╫О©╫О©╫ О©╫О©╫О©╫О©╫                            0  8  0   7 24 0
О©╫О©╫О©╫О©╫О©╫О©╫О©╫О©╫О©╫О©╫О©╫О©╫О©╫ *                         0  8  0   8 26 0
О©╫О©╫О©╫О©╫О©╫О©╫О©╫О©╫ О©╫О©╫О©╫О©╫О©╫О©╫О©╫                        0  8  0   8 26 0
О©╫О©╫О©╫О©╫О©╫О©╫О©╫О©╫О©╫О©╫О©╫ О©╫О©╫О©╫О©╫О©╫О©╫                      0  8  0   8 29 0
О©╫О©╫О©╫О©╫О©╫О©╫О©╫О©╫ О©╫О©╫О©╫О©╫О©╫О©╫О©╫О©╫О©╫                      0  8  6   9 29 0
О©╫О©╫О©╫О©╫ О©╫О©╫О©╫                                0  8  0   9 29 0
О©╫О©╫О©╫О©╫О©╫О©╫О©╫О©╫ О©╫О©╫О©╫О©╫О©╫                          0  8  0   8 26 0
;О©╫О©╫О©╫О©╫О©╫О©╫О©╫ (О©╫О©╫О©╫О©╫О©╫О©╫)
О©╫О©╫О©╫О©╫О©╫О©╫О©╫О©╫ *                              0  9  0   1 8 0
О©╫О©╫О©╫О©╫О©╫О©╫ О©╫О©╫                               0  9  0   1 8 0
О©╫О©╫О©╫О©╫О©╫О©╫О©╫О©╫О©╫О©╫ *                            0  9  0   1 8 0
О©╫О©╫О©╫О©╫О©╫О©╫О©╫О©╫О©╫ *                             0  9  0   1 8 0
О©╫О©╫О©╫О©╫О©╫О©╫О©╫ О©╫О©╫                              0  9  0   1 10 0
О©╫О©╫О©╫О©╫О©╫О©╫О©╫О©╫ *                              0  9  0   2 14 0
О©╫О©╫О©╫О©╫О©╫О©╫О©╫ *                               0  9  0   2 14 0
О©╫О©╫О©╫О©╫О©╫ *                                 0  9  0   2 14 0
О©╫О©╫О©╫О©╫О©╫О©╫О©╫ О©╫О©╫О©╫О©╫О©╫О©╫О©╫О©╫О©╫О©╫О©╫О©╫О©╫О©╫                  0  9  0   2 14 0
О©╫О©╫О©╫О©╫О©╫ О©╫О©╫О©╫О©╫О©╫О©╫О©╫О©╫                          0  9  0   2 16 0
О©╫О©╫О©╫О©╫О©╫О©╫О©╫О©╫О©╫ О©╫О©╫О©╫О©╫О©╫О©╫О©╫О©╫                      0  9  0   3 18 0
О©╫О©╫О©╫О©╫О©╫О©╫О©╫О©╫О©╫ *                             0  9  0   3 19 0
О©╫О©╫О©╫О©╫О©╫О©╫О©╫О©╫О©╫ *                             0  9  0   3 20 0
О©╫О©╫О©╫О©╫О©╫О©╫О©╫ *                               0  9  0   3 21 0
О©╫О©╫О©╫О©╫О©╫О©╫О©╫О©╫О©╫О©╫О©╫О©╫О©╫О©╫ *                        0  9  0   3 20 0
О©╫О©╫О©╫О©╫О©╫О©╫О©╫О©╫О©╫ О©╫О©╫О©╫О©╫О©╫О©╫О©╫О©╫О©╫                     0  9  0   4 23 0
О©╫О©╫О©╫О©╫О©╫О©╫О©╫О©╫ О©╫О©╫О©╫О©╫О©╫О©╫О©╫О©╫О©╫                      0  9  0   4 20 0
О©╫О©╫О©╫О©╫О©╫О©╫О©╫О©╫ О©╫О©╫О©╫О©╫О©╫О©╫О©╫О©╫                       0  9  2   4 26 0
О©╫О©╫О©╫О©╫О©╫О©╫О©╫О©╫О©╫О©╫ О©╫О©╫О©╫О©╫О©╫О©╫О©╫   	                0  9  0   4 26 0
;О©╫О©╫О©╫О©╫О©╫О©╫О©╫ (О©╫О©╫О©╫О©╫О©╫)
О©╫О©╫О©╫О©╫О©╫О©╫О©╫ О©╫О©╫О©╫О©╫                            0  12  0   1 8 0
О©╫О©╫О©╫О©╫О©╫О©╫О©╫О©╫ *                              0  12  0   1 5 0
О©╫О©╫О©╫О©╫О©╫О©╫О©╫О©╫О©╫ *                             0  12  0   1 6 0
О©╫О©╫О©╫О©╫ *                                  0  12  0   1 18 0
О©╫О©╫О©╫О©╫О©╫О©╫О©╫О©╫О©╫ *                             0  12  0   2 12 0
О©╫О©╫О©╫О©╫О©╫О©╫О©╫ О©╫О©╫О©╫О©╫О©╫                           0  12  0   2 12 0
О©╫О©╫О©╫О©╫О©╫О©╫ *                                0  12  0   2 15 0
О©╫О©╫О©╫О©╫О©╫О©╫О©╫О©╫О©╫О©╫ *                            0  12  0   2 18 0
О©╫О©╫О©╫О©╫О©╫О©╫О©╫О©╫О©╫О©╫О©╫О©╫О©╫О©╫ *                        0  12  0   3 18 0
О©╫О©╫О©╫О©╫О©╫О©╫О©╫О©╫О©╫О©╫О©╫ О©╫О©╫О©╫О©╫О©╫О©╫О©╫О©╫О©╫                   0  12  0   3 17 0
О©╫О©╫О©╫О©╫О©╫ О©╫О©╫О©╫О©╫О©╫О©╫О©╫О©╫                          0  12  0   2 19 0
О©╫О©╫О©╫О©╫О©╫О©╫О©╫О©╫ О©╫О©╫О©╫О©╫                           0  12  0   3 20 0
О©╫О©╫О©╫О©╫О©╫О©╫О©╫О©╫О©╫О©╫ О©╫О©╫О©╫О©╫О©╫О©╫О©╫О©╫О©╫О©╫                   0  12  0   4 24 0
О©╫О©╫О©╫О©╫О©╫О©╫О©╫ *                               0  12  0   4 25 0
О©╫О©╫О©╫О©╫О©╫О©╫О©╫О©╫О©╫ О©╫О©╫О©╫О©╫О©╫О©╫О©╫О©╫О©╫О©╫О©╫О©╫О©╫О©╫                0  12  0   4 25 0
О©╫О©╫О©╫О©╫О©╫О©╫О©╫О©╫О©╫ О©╫О©╫О©╫О©╫О©╫О©╫                        0  12  0   4 26 0
О©╫О©╫О©╫О©╫О©╫ О©╫О©╫О©╫О©╫О©╫О©╫О©╫                           0  12  0   4 26 0
;О©╫О©╫О©╫О©╫О©╫О©╫О©╫О©╫ (О©╫О©╫О©╫О©╫О©╫О©╫)
О©╫О©╫О©╫О©╫О©╫О©╫О©╫ О©╫О©╫О©╫О©╫                            0  0  0   1 1 0
О©╫О©╫О©╫О©╫О©╫О©╫О©╫ О©╫О©╫О©╫О©╫                            0  0  0   1 1 0
О©╫О©╫О©╫О©╫О©╫О©╫ О©╫О©╫О©╫О©╫О©╫О©╫О©╫О©╫О©╫                        0  0  0   1 1 0
О©╫О©╫О©╫О©╫О©╫О©╫О©╫О©╫О©╫О©╫О©╫ О©╫О©╫О©╫О©╫О©╫О©╫О©╫О©╫О©╫О©╫О©╫О©╫                0  0  0   1 1 0
О©╫О©╫О©╫О©╫О©╫О©╫О©╫О©╫О©╫О©╫О©╫ О©╫О©╫О©╫                         0  0  0   1 1 0
О©╫О©╫О©╫О©╫О©╫О©╫О©╫ О©╫О©╫О©╫О©╫                            0  0  0   1 1 0
О©╫О©╫О©╫О©╫О©╫О©╫ О©╫О©╫О©╫О©╫                             0  0  0   1 1 0
О©╫О©╫О©╫О©╫О©╫О©╫О©╫О©╫ *                              0  0  0   2 4 0
О©╫О©╫О©╫О©╫О©╫О©╫О©╫ *                               0  0  0   2 5 0 
О©╫О©╫О©╫О©╫О©╫О©╫О©╫О©╫ О©╫О©╫О©╫О©╫О©╫О©╫О©╫                        0  0  0   2 5 0
О©╫О©╫О©╫О©╫О©╫О©╫О©╫О©╫О©╫ *                             0  0  0   2 4 0
О©╫О©╫О©╫О©╫О©╫ О©╫О©╫О©╫О©╫О©╫О©╫О©╫О©╫О©╫                         0  0  0   2 5 0
О©╫О©╫О©╫О©╫О©╫О©╫О©╫ О©╫О©╫                              0  0  0   2 5 0
О©╫О©╫О©╫О©╫О©╫О©╫О©╫О©╫О©╫ О©╫О©╫О©╫                           0  0  0   3 7 0
О©╫О©╫О©╫О©╫О©╫О©╫О©╫О©╫О©╫ О©╫О©╫О©╫О©╫О©╫О©╫О©╫О©╫О©╫                     0  0  0   3 7 0
О©╫О©╫О©╫О©╫О©╫О©╫О©╫О©╫О©╫ О©╫О©╫О©╫О©╫                          0  0  0   3 7 0
О©╫О©╫О©╫О©╫О©╫О©╫О©╫О©╫ О©╫О©╫О©╫О©╫О©╫О©╫О©╫О©╫О©╫                      0  0  0   3 10 0 
О©╫О©╫О©╫О©╫О©╫О©╫О©╫О©╫О©╫ *                             0  0  0   3 12 0
О©╫О©╫О©╫О©╫О©╫О©╫О©╫О©╫О©╫О©╫О©╫О©╫О©╫О©╫ О©╫О©╫О©╫О©╫                     0  0  0   3 15 0
О©╫О©╫О©╫О©╫О©╫О©╫ О©╫О©╫О©╫О©╫О©╫                            0  0  0   3 15 0
О©╫О©╫О©╫О©╫О©╫О©╫О©╫О©╫О©╫О©╫О©╫О©╫О©╫О©╫О©╫ *                       0  0  0   4 10 0
О©╫О©╫О©╫О©╫О©╫ *                                 0  0  0   4 10 0
О©╫О©╫О©╫О©╫О©╫О©╫О©╫О©╫ О©╫О©╫О©╫О©╫О©╫                          0  0  0   4 10 0
О©╫О©╫О©╫О©╫О©╫О©╫ О©╫О©╫О©╫О©╫О©╫О©╫О©╫                          0  0  0   4 10 0
О©╫О©╫О©╫О©╫О©╫ О©╫О©╫О©╫О©╫О©╫О©╫О©╫О©╫О©╫О©╫                        0  0  0   4 10 0
О©╫О©╫О©╫О©╫О©╫ О©╫О©╫О©╫О©╫О©╫О©╫О©╫О©╫                          0  0  0   4 10 0
О©╫О©╫О©╫О©╫О©╫О©╫ О©╫О©╫О©╫О©╫О©╫                            0  0  0   5 15 0
О©╫О©╫О©╫О©╫О©╫О©╫О©╫О©╫О©╫О©╫О©╫ О©╫О©╫О©╫О©╫О©╫О©╫О©╫О©╫О©╫                   0  0  0   5 15 0
О©╫О©╫О©╫О©╫О©╫О©╫О©╫О©╫О©╫О©╫О©╫ О©╫О©╫О©╫О©╫                        0  0  0   5 15 0
О©╫О©╫О©╫О©╫О©╫О©╫О©╫ О©╫О©╫О©╫                             0  0  0   5 14 0
О©╫О©╫О©╫О©╫О©╫ О©╫О©╫О©╫О©╫О©╫О©╫О©╫                           0  0  0   5 14 0
О©╫О©╫О©╫О©╫О©╫ О©╫О©╫О©╫О©╫О©╫О©╫О©╫О©╫                          0  0  0   5 18 0
О©╫О©╫О©╫О©╫О©╫О©╫О©╫ О©╫О©╫О©╫О©╫О©╫О©╫О©╫О©╫О©╫О©╫О©╫О©╫О©╫О©╫                  0  0  0   5 15 0
О©╫О©╫О©╫О©╫ *                                  0  0  0   6 18 0
О©╫О©╫О©╫О©╫О©╫О©╫ *                                0  0  0   6 18 0
О©╫О©╫О©╫ *                                   0  0  0   6 18 0
О©╫О©╫О©╫О©╫О©╫О©╫О©╫О©╫О©╫ *                             0  0  0   6 20 0
О©╫О©╫О©╫О©╫О©╫О©╫О©╫О©╫ *                              0  0  2   6 28 0
О©╫О©╫О©╫О©╫О©╫О©╫О©╫О©╫ О©╫О©╫О©╫О©╫О©╫О©╫О©╫                        0  0  1   7 22 0
О©╫О©╫О©╫О©╫О©╫О©╫О©╫О©╫ О©╫О©╫О©╫О©╫О©╫О©╫О©╫О©╫О©╫                      0  0  0   7 22 0
О©╫О©╫О©╫О©╫О©╫О©╫О©╫О©╫О©╫ О©╫О©╫О©╫О©╫О©╫О©╫О©╫О©╫                      0  0  0   7 22 0
О©╫О©╫О©╫О©╫О©╫ О©╫О©╫О©╫О©╫О©╫О©╫О©╫О©╫О©╫О©╫О©╫О©╫О©╫О©╫                    0  0  0   7 24 0
О©╫О©╫О©╫О©╫О©╫ О©╫О©╫О©╫О©╫                              0  0  0   7 25 0
О©╫О©╫О©╫О©╫О©╫О©╫О©╫ О©╫О©╫О©╫О©╫О©╫О©╫                          0  0  0   7 27 0
О©╫О©╫О©╫О©╫О©╫О©╫ О©╫О©╫О©╫О©╫О©╫                            0  0  0   7 24 0
О©╫О©╫О©╫О©╫О©╫О©╫О©╫О©╫ О©╫О©╫О©╫О©╫О©╫                          0  0  0   7 26 0
О©╫О©╫О©╫О©╫О©╫О©╫О©╫О©╫О©╫ О©╫О©╫О©╫О©╫О©╫О©╫О©╫                       0  0  0   7 26 0
О©╫О©╫О©╫О©╫О©╫О©╫О©╫О©╫О©╫ О©╫О©╫О©╫О©╫О©╫О©╫О©╫О©╫О©╫                     0  0  0   8 28 0
О©╫О©╫О©╫О©╫О©╫О©╫ О©╫О©╫О©╫О©╫О©╫                            0  0  1   8 29 0
;О©╫О©╫О©╫О©╫О©╫О©╫О©╫О©╫ (О©╫О©╫О©╫О©╫О©╫О©╫)
О©╫О©╫О©╫О©╫О©╫О©╫О©╫О©╫ О©╫О©╫О©╫О©╫О©╫О©╫                         0  1  0   1 1 0
О©╫О©╫О©╫О©╫О©╫О©╫О©╫О©╫О©╫О©╫О©╫ О©╫О©╫О©╫О©╫О©╫                       0  1  0   1 1 0
О©╫О©╫О©╫О©╫О©╫О©╫О©╫ О©╫О©╫О©╫О©╫                            0  1  0   1 1 0
О©╫О©╫О©╫О©╫О©╫О©╫О©╫ О©╫О©╫О©╫О©╫                            0  1  0   1 1 0
О©╫О©╫О©╫О©╫О©╫О©╫ О©╫О©╫О©╫О©╫О©╫О©╫О©╫О©╫О©╫                        0  1  0   1 4 0
О©╫О©╫О©╫О©╫О©╫О©╫О©╫О©╫О©╫О©╫О©╫ *                           0  1  0   1 5 0
О©╫О©╫О©╫О©╫О©╫О©╫О©╫О©╫О©╫О©╫ О©╫О©╫О©╫О©╫О©╫О©╫                       0  1  0   2 4 -10
О©╫О©╫О©╫О©╫О©╫О©╫ *                                0  1  0   2 4 0
О©╫О©╫О©╫О©╫ *                                  0  1  0   2 4 0
О©╫О©╫О©╫О©╫ О©╫О©╫О©╫О©╫О©╫О©╫О©╫                            0  1  0   2 13 0
О©╫О©╫О©╫О©╫О©╫О©╫ *                                0  1  0   3 7 -40
О©╫О©╫О©╫О©╫О©╫ *                                 0  1  0   3 7 0
О©╫О©╫О©╫О©╫О©╫О©╫О©╫О©╫ *                              0  1  0   3 7 0
О©╫О©╫О©╫О©╫О©╫ О©╫О©╫О©╫О©╫                              0  1  0   3 7 -40
О©╫О©╫О©╫О©╫О©╫О©╫О©╫О©╫ О©╫О©╫О©╫О©╫О©╫                          0  1  0   3 10 0
О©╫О©╫О©╫О©╫О©╫ О©╫О©╫О©╫О©╫                              0  1  6   3 12 0
О©╫О©╫О©╫О©╫О©╫О©╫О©╫О©╫ О©╫О©╫О©╫О©╫О©╫                          0  1  0   4 12 -50
О©╫О©╫О©╫О©╫О©╫О©╫О©╫ *                               0  1  0   4 10 -45
О©╫О©╫О©╫О©╫О©╫О©╫ *                                0  1  0   4 26 0
О©╫О©╫О©╫О©╫О©╫О©╫О©╫ О©╫О©╫О©╫О©╫О©╫О©╫                          0  1  0   4 10 -50
О©╫О©╫О©╫О©╫О©╫О©╫О©╫О©╫ О©╫О©╫О©╫О©╫О©╫О©╫                         0  1  0   4 12 0
О©╫О©╫О©╫О©╫О©╫О©╫ О©╫О©╫О©╫О©╫О©╫                            0  1  0   4 15 0
О©╫О©╫О©╫О©╫О©╫О©╫О©╫ О©╫О©╫О©╫О©╫О©╫О©╫                          0  1  0   5 14 -65
О©╫О©╫О©╫О©╫О©╫О©╫О©╫О©╫О©╫О©╫ *                            0  1  0   5 20 0
О©╫О©╫О©╫О©╫О©╫О©╫О©╫О©╫О©╫О©╫ *                            0  1  0   5 14 30
О©╫О©╫О©╫О©╫О©╫О©╫О©╫ О©╫О©╫О©╫О©╫О©╫                           0  1  0   5 14 -65
О©╫О©╫О©╫О©╫О©╫О©╫О©╫О©╫ О©╫О©╫О©╫О©╫О©╫                          0  1  0   6 18 0
О©╫О©╫О©╫О©╫ О©╫О©╫О©╫О©╫О©╫О©╫                             0  1  0   6 18 -65
О©╫О©╫О©╫О©╫О©╫О©╫О©╫О©╫О©╫О©╫О©╫О©╫ *                          0  1  0   6 20 0
О©╫О©╫О©╫О©╫О©╫О©╫О©╫О©╫О©╫ О©╫О©╫О©╫О©╫О©╫О©╫О©╫                       0  1  0   6 20 0
О©╫О©╫О©╫О©╫О©╫ *                                 0  1  2   6 23 -70
О©╫О©╫О©╫О©╫О©╫О©╫О©╫О©╫О©╫ О©╫О©╫О©╫О©╫О©╫О©╫                        0  1  0   7 25 -80
О©╫О©╫О©╫О©╫О©╫О©╫ О©╫О©╫О©╫О©╫О©╫                            0  1  0   7 24 0
О©╫О©╫О©╫О©╫О©╫О©╫О©╫О©╫ О©╫О©╫О©╫                            0  1  0   7 25 -80
О©╫О©╫О©╫О©╫О©╫О©╫О©╫О©╫О©╫О©╫О©╫ О©╫О©╫О©╫О©╫О©╫                       0  1  0   7 25 -75
О©╫О©╫О©╫О©╫О©╫О©╫О©╫О©╫О©╫О©╫ О©╫О©╫О©╫О©╫                         0  1  0   7 26 0
О©╫О©╫О©╫О©╫О©╫О©╫О©╫ *                               0  1  0   7 22 0
О©╫О©╫О©╫О©╫О©╫ *                                 0  1  0   8 25 -80
О©╫О©╫О©╫О©╫О©╫О©╫О©╫ О©╫О©╫О©╫О©╫О©╫                           0  1  0   8 26 0
О©╫О©╫О©╫О©╫О©╫О©╫О©╫ *                               0  1  0   8 26 0
О©╫О©╫О©╫О©╫ О©╫О©╫О©╫О©╫О©╫                              0  1  2   8 26 -55
О©╫О©╫О©╫О©╫О©╫О©╫О©╫О©╫ О©╫О©╫О©╫                            0  1  0   9 29 0
О©╫О©╫О©╫ О©╫О©╫О©╫О©╫О©╫                               0  1  2   9 28 -45
О©╫О©╫О©╫О©╫О©╫О©╫О©╫О©╫О©╫О©╫О©╫ О©╫О©╫О©╫О©╫О©╫О©╫                      0  1  2   9 29 0
О©╫О©╫О©╫О©╫ О©╫О©╫О©╫О©╫О©╫О©╫О©╫                            0  1  6   9 29 0
О©╫О©╫О©╫О©╫О©╫О©╫О©╫О©╫ *                              0  1  3   9 29 0
О©╫О©╫О©╫О©╫ О©╫О©╫О©╫О©╫О©╫О©╫О©╫О©╫                           0  1  2   9 29 0
;О©╫О©╫О©╫О©╫О©╫О©╫О©╫О©╫ (О©╫О©╫О©╫О©╫О©╫О©╫О©╫О©╫)
О©╫О©╫О©╫О©╫О©╫О©╫О©╫О©╫О©╫О©╫О©╫ О©╫О©╫О©╫О©╫О©╫                       0  6  0   1 1 0
О©╫О©╫О©╫О©╫О©╫О©╫О©╫О©╫О©╫О©╫ О©╫О©╫О©╫О©╫О©╫О©╫                       0  6  0   1 1 0
О©╫О©╫О©╫О©╫О©╫О©╫О©╫ О©╫О©╫О©╫О©╫                            0  6  0   1 1 0
О©╫О©╫О©╫О©╫О©╫О©╫О©╫О©╫О©╫О©╫О©╫ *                           0  6  0   1 3 0
О©╫О©╫О©╫О©╫О©╫О©╫О©╫О©╫О©╫О©╫О©╫ О©╫О©╫О©╫О©╫О©╫                       0  6  0   2 20 0
О©╫О©╫О©╫О©╫О©╫О©╫ *                                0  6  0   2 4 0
О©╫О©╫О©╫О©╫О©╫О©╫ О©╫О©╫О©╫О©╫О©╫О©╫О©╫О©╫О©╫                        0  6  0   2 4 0
О©╫О©╫О©╫О©╫ *                                  0  6  0   2 4 0
О©╫О©╫О©╫О©╫О©╫О©╫О©╫О©╫О©╫О©╫О©╫О©╫О©╫ *                         0  6  0   2 4 0
О©╫О©╫О©╫О©╫О©╫О©╫О©╫О©╫О©╫О©╫О©╫О©╫О©╫О©╫ *                        0  6  0   2 25 0
О©╫О©╫О©╫О©╫О©╫О©╫О©╫ О©╫О©╫О©╫О©╫О©╫О©╫О©╫О©╫О©╫О©╫О©╫О©╫О©╫                   0  6  0   3 7 0
О©╫О©╫О©╫ *                                   0  6  0   3 7 0
О©╫О©╫О©╫О©╫О©╫ *                                 0  6  0   3 7 0
О©╫О©╫О©╫О©╫О©╫О©╫О©╫О©╫ *                              0  6  0   3 7 0
;О©╫О©╫О©╫О©╫ *	                                0  6  0   3 7 0
О©╫О©╫О©╫О©╫О©╫О©╫О©╫О©╫ *                              0  6  0   3 10 0
О©╫О©╫О©╫О©╫О©╫О©╫О©╫О©╫О©╫ О©╫О©╫О©╫О©╫О©╫                         0  6  0   4 10 0
О©╫О©╫О©╫О©╫О©╫О©╫О©╫О©╫О©╫О©╫ *                            0  6  0   4 15 0
О©╫О©╫О©╫О©╫О©╫О©╫О©╫О©╫ О©╫О©╫О©╫О©╫О©╫                          0  6  0   4 12 0
О©╫О©╫О©╫О©╫ *                                  0  6  0   5 16 0
О©╫О©╫О©╫О©╫ *                                  0  6  0   5 16 0
О©╫О©╫О©╫О©╫ *                                  0  6  0   5 14 0
О©╫О©╫О©╫О©╫О©╫О©╫О©╫ *                               0  6  0   5 14 0
О©╫О©╫О©╫О©╫О©╫О©╫О©╫О©╫О©╫О©╫ О©╫О©╫О©╫О©╫О©╫О©╫О©╫О©╫                     0  6  0   5 15 0
О©╫О©╫О©╫О©╫О©╫О©╫О©╫О©╫ О©╫О©╫О©╫О©╫                           0  6  0   5 20 0
О©╫О©╫О©╫О©╫О©╫О©╫О©╫О©╫О©╫О©╫ *                            0  6  0   6 20 0
О©╫О©╫О©╫О©╫О©╫О©╫О©╫О©╫О©╫ О©╫О©╫О©╫О©╫                          0  6  0   6 18 0
О©╫О©╫О©╫О©╫О©╫О©╫О©╫О©╫О©╫ О©╫О©╫О©╫О©╫О©╫О©╫О©╫                       0  6  0   6 18 0
О©╫О©╫О©╫О©╫О©╫О©╫О©╫ *                               0  6  0   6 18 0
О©╫О©╫О©╫О©╫О©╫О©╫О©╫О©╫О©╫О©╫ О©╫О©╫О©╫О©╫                         0  6  0   7 26 0
О©╫О©╫О©╫О©╫О©╫О©╫О©╫О©╫О©╫О©╫ О©╫О©╫О©╫                          0  6  0   7 25 0
О©╫О©╫О©╫О©╫О©╫ О©╫О©╫О©╫О©╫О©╫О©╫О©╫О©╫О©╫О©╫О©╫                       0  6  0   7 26 0
О©╫О©╫О©╫О©╫О©╫О©╫О©╫О©╫О©╫ О©╫О©╫О©╫О©╫О©╫О©╫О©╫О©╫О©╫О©╫О©╫                   0  6  0   7 22 0
О©╫О©╫О©╫О©╫О©╫О©╫О©╫О©╫ *                              0  6  2   7 28 0
О©╫О©╫О©╫О©╫О©╫О©╫ О©╫О©╫О©╫О©╫О©╫                            0  6  0   7 24 0
О©╫О©╫О©╫О©╫О©╫О©╫О©╫О©╫О©╫ О©╫О©╫О©╫                           0  6  0   7 24 0
О©╫О©╫О©╫О©╫О©╫О©╫О©╫О©╫О©╫ О©╫О©╫О©╫О©╫О©╫                         0  6  0   7 25 0
О©╫О©╫О©╫О©╫О©╫О©╫О©╫О©╫ О©╫О©╫О©╫О©╫О©╫О©╫О©╫О©╫                       0  6  2   8 26 0 
О©╫О©╫О©╫ О©╫О©╫О©╫О©╫О©╫                               0  6  2   8 26 0 
О©╫О©╫О©╫О©╫О©╫О©╫О©╫О©╫О©╫О©╫ О©╫О©╫О©╫О©╫О©╫О©╫О©╫                      0  6  0   8 25 -50
О©╫О©╫О©╫О©╫О©╫О©╫О©╫О©╫ О©╫О©╫О©╫О©╫О©╫О©╫О©╫О©╫О©╫О©╫О©╫О©╫О©╫О©╫                 0  6  0   8 26 0
О©╫О©╫О©╫О©╫О©╫О©╫О©╫О©╫О©╫О©╫ О©╫О©╫О©╫О©╫                         0  6  0   4 16 0
О©╫О©╫О©╫О©╫О©╫О©╫О©╫О©╫О©╫О©╫ О©╫О©╫О©╫О©╫О©╫О©╫О©╫                      0  6  2   9 28 0
О©╫О©╫О©╫О©╫О©╫О©╫О©╫О©╫ О©╫О©╫О©╫О©╫О©╫	                        0  6  0   9 29 0
О©╫О©╫О©╫О©╫О©╫О©╫О©╫О©╫ О©╫О©╫О©╫О©╫                           0  6  0   9 28 0
;О©╫О©╫О©╫О©╫О©╫О©╫О©╫О©╫ (О©╫О©╫О©╫О©╫О©╫О©╫О©╫О©╫О©╫)
О©╫О©╫О©╫О©╫О©╫О©╫ *                                0  7  0   1 1 0
О©╫О©╫О©╫О©╫О©╫О©╫О©╫О©╫О©╫О©╫О©╫ О©╫О©╫О©╫                         0  7  0   1 1 0
О©╫О©╫О©╫О©╫О©╫О©╫О©╫О©╫О©╫О©╫ О©╫О©╫О©╫О©╫О©╫О©╫                       0  7  0   1 1 0
О©╫О©╫О©╫О©╫ *                                  0  7  0   1 1 0
О©╫О©╫О©╫О©╫О©╫О©╫О©╫ О©╫О©╫О©╫О©╫                            0  7  0   1 1 0
О©╫О©╫О©╫О©╫О©╫О©╫ О©╫О©╫                               0  7  0   1 3 0
О©╫О©╫О©╫О©╫О©╫О©╫О©╫О©╫О©╫О©╫О©╫ О©╫О©╫О©╫О©╫О©╫О©╫О©╫О©╫О©╫О©╫О©╫О©╫                0  7  0   2 4 0
О©╫О©╫О©╫О©╫О©╫О©╫ О©╫О©╫О©╫О©╫О©╫О©╫О©╫О©╫О©╫                        0  7  0   2 4 0
О©╫О©╫О©╫О©╫О©╫О©╫О©╫О©╫О©╫О©╫О©╫ О©╫О©╫О©╫О©╫О©╫                       0  7  0   2 4 0
О©╫О©╫О©╫О©╫О©╫О©╫О©╫О©╫О©╫О©╫О©╫ *                           0  7  0   2 5 0
О©╫О©╫О©╫О©╫О©╫О©╫О©╫О©╫О©╫О©╫О©╫О©╫О©╫ *                         0  7  0   2 4 0
О©╫О©╫О©╫О©╫О©╫О©╫О©╫О©╫ *                              0  7  0   2 6 0
О©╫О©╫О©╫О©╫О©╫О©╫О©╫О©╫О©╫О©╫ *                            0  7  0   3 7 -42
О©╫О©╫О©╫О©╫О©╫О©╫О©╫ О©╫О©╫О©╫О©╫О©╫О©╫О©╫О©╫О©╫О©╫О©╫О©╫О©╫                   0  7  0   3 7 0
О©╫О©╫О©╫О©╫О©╫ *                                 0  7  0   3 7 0
О©╫О©╫О©╫О©╫О©╫О©╫О©╫О©╫ *                              0  7  0   3 7 0
О©╫О©╫О©╫О©╫О©╫О©╫О©╫О©╫О©╫О©╫О©╫О©╫О©╫О©╫ *                        0  7  0   3 20 0
О©╫О©╫О©╫О©╫О©╫О©╫О©╫О©╫ О©╫О©╫О©╫О©╫                           0  7  0   4 10 0
О©╫О©╫О©╫О©╫О©╫О©╫О©╫О©╫ О©╫О©╫О©╫О©╫О©╫                          0  7  0   4 12 0
О©╫О©╫О©╫О©╫О©╫О©╫О©╫ *                               0  7  0   4 12 0
О©╫О©╫О©╫О©╫О©╫О©╫О©╫О©╫О©╫О©╫О©╫О©╫О©╫О©╫ *                        0  7  0   4 18 0
О©╫О©╫О©╫О©╫О©╫О©╫О©╫ *                               0  7  0   4 26 0
О©╫О©╫О©╫О©╫О©╫О©╫О©╫О©╫О©╫О©╫ О©╫О©╫О©╫О©╫О©╫О©╫О©╫                      0  7  0   5 17 -75
О©╫О©╫О©╫О©╫О©╫О©╫О©╫ *                               0  7  0   5 14 0
О©╫О©╫О©╫О©╫О©╫О©╫ О©╫О©╫О©╫О©╫О©╫                            0  7  2   5 16 0
О©╫О©╫О©╫О©╫О©╫О©╫О©╫О©╫О©╫О©╫ О©╫О©╫О©╫О©╫О©╫О©╫О©╫О©╫О©╫О©╫                   0  7  0   6 18 -20
О©╫О©╫О©╫О©╫О©╫О©╫О©╫О©╫О©╫ О©╫О©╫О©╫О©╫О©╫О©╫О©╫                       0  7  0   6 18 0
О©╫О©╫О©╫О©╫О©╫О©╫ О©╫О©╫О©╫О©╫О©╫                            0  7  0   6 24 0
О©╫О©╫О©╫О©╫О©╫О©╫ *                                0  7  0   6 26 0
О©╫О©╫О©╫О©╫О©╫О©╫О©╫О©╫ О©╫О©╫О©╫О©╫О©╫О©╫О©╫О©╫                       0  7  4   7 24 0
О©╫О©╫О©╫О©╫О©╫О©╫О©╫О©╫О©╫ О©╫О©╫О©╫О©╫О©╫О©╫                        0  7  0   7 22 0
О©╫О©╫О©╫О©╫О©╫О©╫О©╫О©╫О©╫ О©╫О©╫О©╫О©╫                          0  7  0   7 22 0
О©╫О©╫О©╫О©╫О©╫О©╫О©╫О©╫О©╫ О©╫О©╫О©╫О©╫О©╫                         0  7  0   7 24 0
О©╫О©╫О©╫О©╫О©╫О©╫О©╫О©╫О©╫ О©╫О©╫О©╫О©╫О©╫О©╫О©╫                       0  7  0   7 28 0
О©╫О©╫О©╫О©╫О©╫О©╫О©╫О©╫О©╫ О©╫О©╫О©╫О©╫О©╫О©╫О©╫О©╫О©╫О©╫О©╫                   0  7  0   7 22 0
О©╫О©╫О©╫О©╫О©╫ О©╫О©╫О©╫О©╫О©╫О©╫О©╫О©╫О©╫О©╫О©╫                       0  7  0   7 26 0
О©╫О©╫О©╫О©╫О©╫О©╫О©╫О©╫О©╫О©╫ О©╫О©╫О©╫                          0  7  0   7 25 0
О©╫О©╫О©╫О©╫О©╫О©╫О©╫ О©╫О©╫О©╫О©╫О©╫О©╫                          0  7  0   7 27 0
О©╫О©╫О©╫О©╫О©╫О©╫О©╫О©╫ О©╫О©╫О©╫О©╫О©╫                          0  7  0   7 28 0
О©╫О©╫О©╫О©╫О©╫ О©╫О©╫О©╫О©╫                              0  7  0   7 25 0
О©╫О©╫О©╫О©╫О©╫О©╫ О©╫О©╫О©╫О©╫                             0  7  0   7 25 0
О©╫О©╫О©╫О©╫О©╫О©╫О©╫О©╫О©╫О©╫ О©╫О©╫О©╫О©╫                         0  7  0   7 26 0
О©╫О©╫О©╫О©╫О©╫О©╫О©╫ О©╫О©╫О©╫О©╫                            0  7  0   8 25 0
О©╫О©╫О©╫О©╫О©╫О©╫О©╫О©╫ О©╫О©╫О©╫О©╫                           0  7  0   8 25 0
О©╫О©╫О©╫О©╫О©╫О©╫О©╫О©╫О©╫ О©╫О©╫О©╫О©╫                          0  7  0   8 25 0
О©╫О©╫О©╫О©╫О©╫О©╫О©╫ О©╫О©╫О©╫О©╫                            0  7  0   8 25 0
О©╫О©╫О©╫О©╫О©╫О©╫ О©╫О©╫О©╫О©╫О©╫О©╫                           0  7  0   8 25 0
О©╫О©╫О©╫О©╫О©╫О©╫О©╫О©╫О©╫ О©╫О©╫О©╫О©╫О©╫О©╫О©╫О©╫О©╫О©╫О©╫О©╫О©╫О©╫                0  7  0   8 26 0
О©╫О©╫О©╫О©╫О©╫-О©╫О©╫О©╫О©╫О©╫О©╫О©╫О©╫О©╫ *                       0  7  0   8 26 0
О©╫О©╫О©╫О©╫О©╫О©╫О©╫О©╫О©╫ О©╫О©╫О©╫О©╫О©╫О©╫О©╫О©╫О©╫                     0  7  0   8 27 0
О©╫О©╫О©╫О©╫О©╫О©╫О©╫ О©╫О©╫О©╫                             0  7  0   9 28 0
О©╫О©╫О©╫О©╫О©╫О©╫ О©╫О©╫О©╫О©╫О©╫                            0  7  1   9 29 0
О©╫О©╫О©╫О©╫О©╫О©╫О©╫О©╫ О©╫О©╫О©╫О©╫О©╫О©╫О©╫О©╫О©╫О©╫                     0  7  4   9 29 -10

;О©╫О©╫О©╫О©╫О©╫О©╫О©╫О©╫ (О©╫О©╫О©╫О©╫О©╫О©╫О©╫О©╫О©╫О©╫О©╫О©╫)
О©╫О©╫О©╫О©╫О©╫О©╫О©╫О©╫О©╫О©╫О©╫ О©╫О©╫О©╫О©╫О©╫О©╫О©╫О©╫О©╫О©╫О©╫О©╫                0  8  0   1 1 0
О©╫О©╫О©╫О©╫О©╫О©╫О©╫О©╫О©╫О©╫ О©╫О©╫О©╫О©╫О©╫О©╫                       0  8  0   1 1 0
О©╫О©╫О©╫О©╫О©╫О©╫О©╫ О©╫О©╫О©╫О©╫                            0  8  0   1 1 0
О©╫О©╫О©╫О©╫О©╫О©╫О©╫О©╫ *                              0  8  0   1 5 0
О©╫О©╫О©╫О©╫О©╫О©╫О©╫О©╫О©╫О©╫О©╫ О©╫О©╫О©╫О©╫О©╫                       0  8  0   2 20 0
О©╫О©╫О©╫О©╫О©╫О©╫ *                                0  8  0   2 4 0
О©╫О©╫О©╫О©╫О©╫О©╫О©╫О©╫О©╫ *                             0  8  0   2 4 0
О©╫О©╫О©╫О©╫О©╫О©╫О©╫О©╫О©╫О©╫О©╫О©╫О©╫ *                         0  8  0   2 5 0
О©╫О©╫О©╫О©╫ *                                  0  8  0   2 6 0
О©╫О©╫О©╫О©╫О©╫О©╫О©╫О©╫О©╫О©╫О©╫О©╫О©╫О©╫ *                        0  8  0   3 7 0
О©╫О©╫О©╫О©╫О©╫О©╫О©╫ О©╫О©╫О©╫О©╫О©╫О©╫О©╫О©╫О©╫О©╫О©╫О©╫О©╫                   0  8  0   3 7 0
О©╫О©╫О©╫О©╫О©╫О©╫О©╫ О©╫О©╫О©╫О©╫                            0  8  0   3 7 0
О©╫О©╫О©╫О©╫О©╫О©╫О©╫О©╫ О©╫О©╫О©╫О©╫                           0  8  0   3 9 0
О©╫О©╫О©╫О©╫О©╫ *                                 0  8  0   3 10 0
О©╫О©╫О©╫О©╫О©╫О©╫О©╫О©╫О©╫О©╫О©╫О©╫О©╫О©╫ *                        0  8  0   3 10 0
О©╫О©╫О©╫О©╫О©╫О©╫О©╫О©╫О©╫ *                             0  8  0   4 20 0
О©╫О©╫О©╫О©╫О©╫О©╫О©╫О©╫О©╫ О©╫О©╫О©╫О©╫О©╫	                        0  8  0   4 13 0
О©╫О©╫О©╫О©╫О©╫О©╫О©╫О©╫ О©╫О©╫О©╫О©╫О©╫                          0  8  0   4 12 0
О©╫О©╫О©╫О©╫О©╫О©╫ О©╫О©╫О©╫О©╫О©╫                            0  8  0   4 15 0
О©╫О©╫О©╫О©╫О©╫О©╫О©╫О©╫О©╫ *                             0  8  0   4 20 0
О©╫О©╫О©╫О©╫О©╫О©╫О©╫ О©╫О©╫О©╫                             0  8  0   4 12 0
О©╫О©╫О©╫О©╫О©╫О©╫О©╫ *                               0  8  0   4 15 0
О©╫О©╫О©╫О©╫О©╫О©╫О©╫ О©╫О©╫О©╫О©╫О©╫О©╫О©╫О©╫О©╫О©╫О©╫О©╫О©╫О©╫                  0  8  0   5 15 0
О©╫О©╫О©╫О©╫ *                                  0  8  0   5 15 0
О©╫О©╫О©╫О©╫О©╫О©╫О©╫О©╫ О©╫О©╫О©╫О©╫О©╫                          0  8  0   5 15 0
О©╫О©╫О©╫О©╫О©╫О©╫О©╫О©╫ О©╫О©╫О©╫О©╫                           0  8  0   5 20 0
О©╫О©╫О©╫О©╫О©╫ О©╫О©╫О©╫О©╫                              0  8  0   5 17 -30
О©╫О©╫О©╫О©╫О©╫О©╫О©╫О©╫О©╫ О©╫О©╫О©╫О©╫О©╫О©╫О©╫О©╫О©╫О©╫О©╫О©╫О©╫О©╫                0  8  0   5 22 0
О©╫О©╫ *                                    0  8  0   5 18 0
О©╫О©╫О©╫О©╫О©╫ О©╫О©╫О©╫О©╫О©╫О©╫О©╫О©╫О©╫О©╫                        0  8  0   5 20 0
О©╫О©╫О©╫О©╫О©╫О©╫О©╫О©╫О©╫ О©╫О©╫О©╫О©╫О©╫О©╫О©╫                       0  8  0   6 18 0
О©╫О©╫О©╫О©╫О©╫О©╫О©╫О©╫ О©╫О©╫О©╫О©╫О©╫                          0  8  0   6 18 0
О©╫О©╫О©╫О©╫О©╫О©╫О©╫О©╫ О©╫О©╫О©╫О©╫О©╫О©╫О©╫О©╫О©╫                      0  8  0   7 22 0
О©╫О©╫О©╫О©╫О©╫О©╫ О©╫О©╫О©╫О©╫О©╫                            0  8  0   7 24 0
О©╫О©╫О©╫О©╫О©╫О©╫ О©╫О©╫О©╫О©╫                             0  8  0   7 25 0
О©╫О©╫О©╫О©╫О©╫ О©╫О©╫О©╫О©╫                              0  8  0   7 25 0
О©╫О©╫О©╫О©╫О©╫О©╫О©╫О©╫О©╫ О©╫О©╫О©╫О©╫О©╫О©╫О©╫О©╫О©╫                     0  8  0   7 26 0
О©╫О©╫О©╫О©╫О©╫О©╫О©╫ О©╫О©╫О©╫О©╫                            0  8  0   7 24 0
О©╫О©╫О©╫О©╫О©╫О©╫О©╫О©╫О©╫О©╫О©╫О©╫О©╫ *                         0  8  0   8 26 0
О©╫О©╫О©╫О©╫О©╫О©╫О©╫О©╫ О©╫О©╫О©╫О©╫О©╫О©╫О©╫                        0  8  0   8 26 0
О©╫О©╫О©╫О©╫О©╫О©╫О©╫О©╫О©╫О©╫О©╫ О©╫О©╫О©╫О©╫О©╫О©╫                      0  8  0   8 29 0
О©╫О©╫О©╫О©╫О©╫О©╫О©╫О©╫ О©╫О©╫О©╫О©╫О©╫О©╫О©╫О©╫О©╫                      0  8  6   9 29 0
О©╫О©╫О©╫О©╫ О©╫О©╫О©╫                                0  8  0   9 29 0
О©╫О©╫О©╫О©╫О©╫О©╫О©╫О©╫ О©╫О©╫О©╫О©╫О©╫                          0  8  0   8 26 0
;О©╫О©╫О©╫О©╫О©╫О©╫О©╫О©╫ (О©╫О©╫О©╫О©╫О©╫О©╫)
О©╫О©╫О©╫О©╫О©╫О©╫О©╫О©╫ *                              0  9  0   1 8 0
О©╫О©╫О©╫О©╫О©╫О©╫ О©╫О©╫                               0  9  0   1 8 0
О©╫О©╫О©╫О©╫О©╫О©╫О©╫О©╫О©╫О©╫ *                            0  9  0   1 8 0
О©╫О©╫О©╫О©╫О©╫О©╫О©╫О©╫О©╫ *                             0  9  0   1 8 0
О©╫О©╫О©╫О©╫О©╫О©╫О©╫ О©╫О©╫                              0  9  0   1 10 0
О©╫О©╫О©╫О©╫О©╫О©╫О©╫О©╫ *                              0  9  0   2 14 0
О©╫О©╫О©╫О©╫О©╫О©╫О©╫ *                               0  9  0   2 14 0
О©╫О©╫О©╫О©╫О©╫ *                                 0  9  0   2 14 0
О©╫О©╫О©╫О©╫О©╫О©╫О©╫ О©╫О©╫О©╫О©╫О©╫О©╫О©╫О©╫О©╫О©╫О©╫О©╫О©╫О©╫                  0  9  0   2 14 0
О©╫О©╫О©╫О©╫О©╫ О©╫О©╫О©╫О©╫О©╫О©╫О©╫О©╫                          0  9  0   2 16 0
О©╫О©╫О©╫О©╫О©╫О©╫О©╫О©╫О©╫ О©╫О©╫О©╫О©╫О©╫О©╫О©╫О©╫                      0  9  0   3 18 0
О©╫О©╫О©╫О©╫О©╫О©╫О©╫О©╫О©╫ *                             0  9  0   3 19 0
О©╫О©╫О©╫О©╫О©╫О©╫О©╫О©╫О©╫ *                             0  9  0   3 20 0
О©╫О©╫О©╫О©╫О©╫О©╫О©╫ *                               0  9  0   3 21 0
О©╫О©╫О©╫О©╫О©╫О©╫О©╫О©╫О©╫О©╫О©╫О©╫О©╫О©╫ *                        0  9  0   3 20 0
О©╫О©╫О©╫О©╫О©╫О©╫О©╫О©╫О©╫ О©╫О©╫О©╫О©╫О©╫О©╫О©╫О©╫О©╫                     0  9  0   4 23 0
О©╫О©╫О©╫О©╫О©╫О©╫О©╫О©╫ О©╫О©╫О©╫О©╫О©╫О©╫О©╫О©╫О©╫                      0  9  0   4 20 0
О©╫О©╫О©╫О©╫О©╫О©╫О©╫О©╫ О©╫О©╫О©╫О©╫О©╫О©╫О©╫О©╫                       0  9  2   4 26 0
О©╫О©╫О©╫О©╫О©╫О©╫О©╫О©╫О©╫О©╫ О©╫О©╫О©╫О©╫О©╫О©╫О©╫   	                0  9  0   4 26 0
;О©╫О©╫О©╫О©╫О©╫О©╫О©╫О©╫ (О©╫О©╫О©╫О©╫О©╫)
О©╫О©╫О©╫О©╫О©╫О©╫О©╫ О©╫О©╫О©╫О©╫                            0  12  0   1 8 0
О©╫О©╫О©╫О©╫О©╫О©╫О©╫О©╫ *                              0  12  0   1 5 0
О©╫О©╫О©╫О©╫О©╫О©╫О©╫О©╫О©╫ *                             0  12  0   1 6 0
О©╫О©╫О©╫О©╫ *                                  0  12  0   1 18 0
О©╫О©╫О©╫О©╫О©╫О©╫О©╫О©╫О©╫ *                             0  12  0   2 12 0
О©╫О©╫О©╫О©╫О©╫О©╫О©╫ О©╫О©╫О©╫О©╫О©╫                           0  12  0   2 12 0
О©╫О©╫О©╫О©╫О©╫О©╫ *                                0  12  0   2 15 0
О©╫О©╫О©╫О©╫О©╫О©╫О©╫О©╫О©╫О©╫ *                            0  12  0   2 18 0
О©╫О©╫О©╫О©╫О©╫О©╫О©╫О©╫О©╫О©╫О©╫О©╫О©╫О©╫ *                        0  12  0   3 18 0
О©╫О©╫О©╫О©╫О©╫О©╫О©╫О©╫О©╫О©╫О©╫ О©╫О©╫О©╫О©╫О©╫О©╫О©╫О©╫О©╫                   0  12  0   3 17 0
О©╫О©╫О©╫О©╫О©╫ О©╫О©╫О©╫О©╫О©╫О©╫О©╫О©╫                          0  12  0   2 19 0
О©╫О©╫О©╫О©╫О©╫О©╫О©╫О©╫ О©╫О©╫О©╫О©╫                           0  12  0   3 20 0
О©╫О©╫О©╫О©╫О©╫О©╫О©╫О©╫О©╫О©╫ О©╫О©╫О©╫О©╫О©╫О©╫О©╫О©╫О©╫О©╫                   0  12  0   4 24 0
О©╫О©╫О©╫О©╫О©╫О©╫О©╫ *                               0  12  0   4 25 0
О©╫О©╫О©╫О©╫О©╫О©╫О©╫О©╫О©╫ О©╫О©╫О©╫О©╫О©╫О©╫О©╫О©╫О©╫О©╫О©╫О©╫О©╫О©╫                0  12  0   4 25 0
О©╫О©╫О©╫О©╫О©╫О©╫О©╫О©╫О©╫ О©╫О©╫О©╫О©╫О©╫О©╫                        0  12  0   4 26 0
О©╫О©╫О©╫О©╫О©╫ О©╫О©╫О©╫О©╫О©╫О©╫О©╫                           0  12  0   4 26 0