174 1682 -1 1661 4 0 1600 4 0 1612 4 0
174 1685 -1 1661 4 0 1600 4 0 1612 4 0
174 1684 -1 1661 4 0 1600 4 0 1612 4 0
174 1683 -1 1661 4 0 1600 4 0 1612 4 0
174 1686 -1 1661 4 0 1600 4 0 1612 4 0
174 1687 -1 1661 4 0 1600 4 0 1612 4 0
174 1688 -1 1661 4 0 1678 4 0 1677 4 0
174 1689 -1 1661 4 0 1600 4 0 1674 4 0
174 1690 -1 1661 4 0 1674 4 0 1681 4 0
174 1691 -1 1661 4 0 1674 4 0 1679 4 0
170 1500 -1 1400 10 5 1428 1 5 0 0 0
170 1500 -1 1400 6 5 1429 2 6 0 0 0
170 1501 -1 1401 5 5 1428 2 5 0 0 0
170 1501 -1 1400 8 5 1430 3 9 0 0 0
170 1502 -1 1499 3 10 1400 11 5 1428 2 5
170 1502 -1 1494 4 13 1401 5 5 1429 4 6
170 1403 -1 1400 5 5 1402 5 8 1496 2 5
170 1425 -1 1404 5 8 1406 8 12 1496 1 5
170 1403 -1 1496 2 5 1400 4 5 1407 3 6
170 1403 -1 1496 2 5 1400 4 5 1401 3 6
170 1425 -1 1496 2 5 1401 3 5 1402 3 6
170 1425 -1 1496 2 5 1404 4 5 1401 3 6
170 1426 -1 1496 2 5 1405 4 7 1409 3 6
170 1426 -1 1496 2 5 1405 3 6 1406 3 6
170 1426 -1 1496 2 5 1407 3 6 1408 4 7
170 1427 -1 1496 2 5 1408 4 6 1410 3 8
170 1427 -1 1496 2 5 1407 3 6 1409 4 9
170 1427 -1 1496 2 5 1409 3 7 1410 4 8
170 1503 -1 1403 4 6 1429 3 6 0 0 0
170 1503 -1 1403 4 6 1430 3 6 0 0 0
170 1503 -1 1425 4 6 1429 2 6 0 0 0
170 1503 -1 1425 4 6 1430 3 6 0 0 0
170 1504 -1 1403 5 6 1431 2 5 0 0 0
170 1504 -1 1425 4 6 1432 3 12 0 0 0
170 1504 -1 1426 5 6 1430 2 6 0 0 0
170 1504 -1 1426 4 7 1434 2 7 1497 2 10
170 1504 -1 1426 4 7 1473 2 7 1433 2 8
170 1497 -1 1493 2 7 1473 2 6 0 0 0
170 1505 -1 1427 4 12 1435 2 8 0 0 0
170 1505 -1 1427 4 8 1434 2 8 0 0 0
170 1505 -1 1426 4 8 1431 2 6 0 0 0
170 1506 -1 1426 5 8 1433 2 6 1490 2 8
170 1507 -1 1426 4 7 1430 2 7 1494 3 8
170 1507 -1 1427 4 8 1498 3 5 1495 3 7
170 1509 -1 1427 7 6 1439 3 7 1499 2 7
170 1509 -1 1427 6 8 1435 3 8 1494 4 7
170 1509 -1 1426 4 6 1431 2 6 1495 2 6
170 1510 -1 1425 7 8 1432 2 7 1491 2 8
170 1511 -1 1427 8 7 1415 4 15 1439 4 9
170 1512 -1 1416 3 16 1427 7 8 1437 3 12
170 1513 -1 1427 6 8 1437 3 7 1447 4 16
170 1514 -1 1427 8 8 1415 4 7 1416 4 7
170 1515 -1 1427 7 7 1447 6 18 1415 4 10
170 1516 -1 1413 6 20 1437 3 8 1488 2 7
170 1517 -1 1414 6 16 1437 3 10 0 0 0
170 1517 -1 1437 5 12 1414 4 23 1490 3 7
170 1518 -1 1411 6 22 1440 3 18 1481 2 15
170 1518 -1 1411 6 18 1442 3 25 1481 2 15
170 1519 -1 1479 5 15 1414 5 16 1437 3 5
170 1519 -1 1479 5 23 1411 4 20 1434 3 6
170 1437 -1 1493 4 10 1430 3 8 0 0 0
170 1437 -1 1493 4 10 1439 3 8 0 0 0
170 1520 -1 1419 6 60 1440 2 40 1489 2 20
170 1520 -1 1419 6 60 1441 2 40 1489 2 20
170 1520 -1 1419 6 60 1442 2 40 1489 2 20
170 1521 -1 1418 6 25 1440 2 40 0 0 0
170 1521 -1 1418 6 25 1440 2 40 1472 2 20
170 1522 -1 1421 5 25 1442 3 20 0 0 0
170 1522 -1 1421 5 25 1442 3 20 1471 4 20
170 1523 -1 1412 4 50 1441 3 20 0 0 0
170 1523 -1 1412 4 50 1441 3 20 1475 6 20
170 1524 -1 1417 5 30 1444 2 20 1482 3 20
170 1524 -1 1417 5 30 1444 2 20 1478 6 20
170 1525 -1 1478 4 50 1450 3 30 1477 3 20
170 1525 -1 1478 4 50 1483 3 20 1477 3 20
170 1550 -1 1405 4 8 1430 2 10 0 0 0
170 1550 -1 1406 4 8 1430 2 10 1494 3 10
170 1550 -1 1407 4 8 1429 2 10 0 0 0
170 1550 -1 1408 4 8 1429 2 10 1494 3 10
170 1552 -1 1425 6 20 1436 2 30 0 0 0
170 1552 -1 1425 6 20 1436 2 30 1498 4 20
170 1553 -1 1424 5 20 1446 2 20 0 0 0
170 1553 -1 1424 5 20 1446 2 20 1495 3 20
170 1557 -1 1482 3 20 1483 2 20 1486 2 20
170 1558 -1 1422 5 20 1445 2 20 1475 4 20
170 1558 -1 1423 5 30 1445 2 20 1475 4 20
170 1559 -1 1419 8 30 1450 3 20 1480 3 20
170 1560 -1 1429 5 7 0 0 0 0 0 0
170 1569 -1 1448 5 20 0 0 0 0 0 0
170 1505 -1 1427 4 8 1434 2 8 1497 3 4
170 1526 -1 1484 5 10 1485 5 10 1420 5 5
170 1580 0 1925 5 0 1926 5 0 0 0 0
